INFO: [VRFC 10-163] Analyzing VHDL file "C:/Users/Trevor/Documents/CyberCore_RepoTest/CoreGen_Extended_Vivado.sim/sim_1/impl/func/xsim/computer_core_1_TB_func_impl.vhd" into library xil_defaultlib
INFO: [VRFC 10-3107] analyzing entity 'dmem'
INFO: [VRFC 10-3107] analyzing entity 'dmem_14'
INFO: [VRFC 10-3107] analyzing entity 'ltlib_v1_0_0_bscan'
INFO: [VRFC 10-3107] analyzing entity 'ltlib_v1_0_0_generic_mux'
INFO: [VRFC 10-3107] analyzing entity 'rd_bin_cntr'
INFO: [VRFC 10-3107] analyzing entity 'rd_bin_cntr_19'
INFO: [VRFC 10-3107] analyzing entity 'rd_fwft'
INFO: [VRFC 10-3107] analyzing entity 'rd_handshaking_flags'
INFO: [VRFC 10-3107] analyzing entity '\rd_handshaking_flags__parameterized0\'
INFO: [VRFC 10-3107] analyzing entity 'rd_status_flags_as'
INFO: [VRFC 10-3107] analyzing entity 'rd_status_flags_as_18'
INFO: [VRFC 10-3107] analyzing entity 'synchronizer_ff'
INFO: [VRFC 10-3107] analyzing entity 'synchronizer_ff_10'
INFO: [VRFC 10-3107] analyzing entity 'synchronizer_ff_11'
INFO: [VRFC 10-3107] analyzing entity 'synchronizer_ff_12'
INFO: [VRFC 10-3107] analyzing entity 'synchronizer_ff_13'
INFO: [VRFC 10-3107] analyzing entity 'synchronizer_ff_2'
INFO: [VRFC 10-3107] analyzing entity 'synchronizer_ff_3'
INFO: [VRFC 10-3107] analyzing entity 'synchronizer_ff_4'
INFO: [VRFC 10-3107] analyzing entity '\synchronizer_ff__parameterized0\'
INFO: [VRFC 10-3107] analyzing entity '\synchronizer_ff__parameterized0_20\'
INFO: [VRFC 10-3107] analyzing entity '\synchronizer_ff__parameterized0_21\'
INFO: [VRFC 10-3107] analyzing entity '\synchronizer_ff__parameterized0_22\'
INFO: [VRFC 10-3107] analyzing entity '\synchronizer_ff__parameterized0_23\'
INFO: [VRFC 10-3107] analyzing entity '\synchronizer_ff__parameterized0_5\'
INFO: [VRFC 10-3107] analyzing entity '\synchronizer_ff__parameterized0_6\'
INFO: [VRFC 10-3107] analyzing entity '\synchronizer_ff__parameterized0_7\'
INFO: [VRFC 10-3107] analyzing entity 'wr_bin_cntr'
INFO: [VRFC 10-3107] analyzing entity 'wr_bin_cntr_17'
INFO: [VRFC 10-3107] analyzing entity 'wr_handshaking_flags'
INFO: [VRFC 10-3107] analyzing entity 'wr_handshaking_flags_16'
INFO: [VRFC 10-3107] analyzing entity 'wr_status_flags_as'
INFO: [VRFC 10-3107] analyzing entity 'wr_status_flags_as_15'
INFO: [VRFC 10-3107] analyzing entity 'xsdbm_v3_0_0_addr_ctl'
INFO: [VRFC 10-3107] analyzing entity 'xsdbm_v3_0_0_bscan_switch'
INFO: [VRFC 10-3107] analyzing entity 'xsdbm_v3_0_0_burst_wdlen_ctl'
INFO: [VRFC 10-3107] analyzing entity 'xsdbm_v3_0_0_bus_ctl_cnt'
INFO: [VRFC 10-3107] analyzing entity 'xsdbm_v3_0_0_bus_ctl_flg'
INFO: [VRFC 10-3107] analyzing entity '\xsdbm_v3_0_0_bus_ctl_flg__parameterized0\'
INFO: [VRFC 10-3107] analyzing entity 'xsdbm_v3_0_0_cmd_decode'
INFO: [VRFC 10-3107] analyzing entity 'xsdbm_v3_0_0_ctl_reg'
INFO: [VRFC 10-3107] analyzing entity 'xsdbm_v3_0_0_ctl_reg_1'
INFO: [VRFC 10-3107] analyzing entity '\xsdbm_v3_0_0_ctl_reg__parameterized0\'
INFO: [VRFC 10-3107] analyzing entity '\xsdbm_v3_0_0_ctl_reg__parameterized1\'
INFO: [VRFC 10-3107] analyzing entity 'xsdbm_v3_0_0_if_static_status'
INFO: [VRFC 10-3107] analyzing entity 'xsdbm_v3_0_0_stat'
INFO: [VRFC 10-3107] analyzing entity 'xsdbm_v3_0_0_stat_reg'
INFO: [VRFC 10-3107] analyzing entity 'xsdbm_v3_0_0_stat_reg_0'
INFO: [VRFC 10-3107] analyzing entity '\xsdbm_v3_0_0_stat_reg__parameterized0\'
INFO: [VRFC 10-3107] analyzing entity 'xsdbm_v3_0_0_sync'
INFO: [VRFC 10-3107] analyzing entity 'alu_core_1'
INFO: [VRFC 10-3107] analyzing entity 'char_driver'
INFO: [VRFC 10-3107] analyzing entity '\clk_wiz_0__clk_wiz_0_clk_wiz\'
INFO: [VRFC 10-3107] analyzing entity 'control_unit_core_1'
INFO: [VRFC 10-3107] analyzing entity 'rom_128x8_sync_core_1'
INFO: [VRFC 10-3107] analyzing entity 'rw_96x8_sync_core_1'
INFO: [VRFC 10-3107] analyzing entity 'stack_1'
INFO: [VRFC 10-3107] analyzing entity 'uart_rx'
INFO: [VRFC 10-3107] analyzing entity 'ila_0_blk_mem_gen_prim_wrapper'
INFO: [VRFC 10-3107] analyzing entity '\ila_0_blk_mem_gen_prim_wrapper__parameterized0\'
INFO: [VRFC 10-3107] analyzing entity 'ila_0_ila_v6_2_8_generic_counter'
INFO: [VRFC 10-3107] analyzing entity '\ila_0_ila_v6_2_8_generic_counter__1\'
INFO: [VRFC 10-3107] analyzing entity '\ila_0_ila_v6_2_8_generic_counter__2\'
INFO: [VRFC 10-3107] analyzing entity '\ila_0_ila_v6_2_8_generic_counter__3\'
INFO: [VRFC 10-3107] analyzing entity 'ila_0_ila_v6_2_8_ila_adv_trigger_sequencer'
INFO: [VRFC 10-3107] analyzing entity 'ila_0_ila_v6_2_8_ila_fsm_memory_read'
INFO: [VRFC 10-3107] analyzing entity 'ila_0_ltlib_v1_0_0_all_typeA_slice'
INFO: [VRFC 10-3107] analyzing entity 'ila_0_ltlib_v1_0_0_all_typeA_slice_103'
INFO: [VRFC 10-3107] analyzing entity 'ila_0_ltlib_v1_0_0_all_typeA_slice_107'
INFO: [VRFC 10-3107] analyzing entity 'ila_0_ltlib_v1_0_0_all_typeA_slice_111'
INFO: [VRFC 10-3107] analyzing entity 'ila_0_ltlib_v1_0_0_all_typeA_slice_115'
INFO: [VRFC 10-3107] analyzing entity 'ila_0_ltlib_v1_0_0_all_typeA_slice_119'
INFO: [VRFC 10-3107] analyzing entity 'ila_0_ltlib_v1_0_0_all_typeA_slice_123'
INFO: [VRFC 10-3107] analyzing entity 'ila_0_ltlib_v1_0_0_all_typeA_slice_127'
INFO: [VRFC 10-3107] analyzing entity 'ila_0_ltlib_v1_0_0_all_typeA_slice_131'
INFO: [VRFC 10-3107] analyzing entity 'ila_0_ltlib_v1_0_0_all_typeA_slice_135'
INFO: [VRFC 10-3107] analyzing entity 'ila_0_ltlib_v1_0_0_all_typeA_slice_139'
INFO: [VRFC 10-3107] analyzing entity 'ila_0_ltlib_v1_0_0_all_typeA_slice_143'
INFO: [VRFC 10-3107] analyzing entity 'ila_0_ltlib_v1_0_0_all_typeA_slice_147'
INFO: [VRFC 10-3107] analyzing entity 'ila_0_ltlib_v1_0_0_all_typeA_slice_151'
INFO: [VRFC 10-3107] analyzing entity 'ila_0_ltlib_v1_0_0_all_typeA_slice_155'
INFO: [VRFC 10-3107] analyzing entity 'ila_0_ltlib_v1_0_0_all_typeA_slice_159'
INFO: [VRFC 10-3107] analyzing entity 'ila_0_ltlib_v1_0_0_all_typeA_slice_163'
INFO: [VRFC 10-3107] analyzing entity 'ila_0_ltlib_v1_0_0_all_typeA_slice_167'
INFO: [VRFC 10-3107] analyzing entity 'ila_0_ltlib_v1_0_0_all_typeA_slice_171'
INFO: [VRFC 10-3107] analyzing entity 'ila_0_ltlib_v1_0_0_all_typeA_slice_175'
INFO: [VRFC 10-3107] analyzing entity 'ila_0_ltlib_v1_0_0_all_typeA_slice_179'
INFO: [VRFC 10-3107] analyzing entity 'ila_0_ltlib_v1_0_0_all_typeA_slice_183'
INFO: [VRFC 10-3107] analyzing entity 'ila_0_ltlib_v1_0_0_all_typeA_slice_187'
INFO: [VRFC 10-3107] analyzing entity 'ila_0_ltlib_v1_0_0_all_typeA_slice_191'
INFO: [VRFC 10-3107] analyzing entity 'ila_0_ltlib_v1_0_0_all_typeA_slice_195'
INFO: [VRFC 10-3107] analyzing entity 'ila_0_ltlib_v1_0_0_all_typeA_slice_71'
INFO: [VRFC 10-3107] analyzing entity 'ila_0_ltlib_v1_0_0_all_typeA_slice_75'
INFO: [VRFC 10-3107] analyzing entity 'ila_0_ltlib_v1_0_0_all_typeA_slice_79'
INFO: [VRFC 10-3107] analyzing entity 'ila_0_ltlib_v1_0_0_all_typeA_slice_83'
INFO: [VRFC 10-3107] analyzing entity 'ila_0_ltlib_v1_0_0_all_typeA_slice_87'
INFO: [VRFC 10-3107] analyzing entity 'ila_0_ltlib_v1_0_0_all_typeA_slice_91'
INFO: [VRFC 10-3107] analyzing entity 'ila_0_ltlib_v1_0_0_all_typeA_slice_95'
INFO: [VRFC 10-3107] analyzing entity 'ila_0_ltlib_v1_0_0_all_typeA_slice_99'
INFO: [VRFC 10-3107] analyzing entity '\ila_0_ltlib_v1_0_0_all_typeA_slice__parameterized0\'
INFO: [VRFC 10-3107] analyzing entity '\ila_0_ltlib_v1_0_0_all_typeA_slice__parameterized0_100\'
INFO: [VRFC 10-3107] analyzing entity '\ila_0_ltlib_v1_0_0_all_typeA_slice__parameterized0_104\'
INFO: [VRFC 10-3107] analyzing entity '\ila_0_ltlib_v1_0_0_all_typeA_slice__parameterized0_108\'
INFO: [VRFC 10-3107] analyzing entity '\ila_0_ltlib_v1_0_0_all_typeA_slice__parameterized0_112\'
INFO: [VRFC 10-3107] analyzing entity '\ila_0_ltlib_v1_0_0_all_typeA_slice__parameterized0_116\'
INFO: [VRFC 10-3107] analyzing entity '\ila_0_ltlib_v1_0_0_all_typeA_slice__parameterized0_120\'
INFO: [VRFC 10-3107] analyzing entity '\ila_0_ltlib_v1_0_0_all_typeA_slice__parameterized0_124\'
INFO: [VRFC 10-3107] analyzing entity '\ila_0_ltlib_v1_0_0_all_typeA_slice__parameterized0_128\'
INFO: [VRFC 10-3107] analyzing entity '\ila_0_ltlib_v1_0_0_all_typeA_slice__parameterized0_132\'
INFO: [VRFC 10-3107] analyzing entity '\ila_0_ltlib_v1_0_0_all_typeA_slice__parameterized0_136\'
INFO: [VRFC 10-3107] analyzing entity '\ila_0_ltlib_v1_0_0_all_typeA_slice__parameterized0_140\'
INFO: [VRFC 10-3107] analyzing entity '\ila_0_ltlib_v1_0_0_all_typeA_slice__parameterized0_144\'
INFO: [VRFC 10-3107] analyzing entity '\ila_0_ltlib_v1_0_0_all_typeA_slice__parameterized0_148\'
INFO: [VRFC 10-3107] analyzing entity '\ila_0_ltlib_v1_0_0_all_typeA_slice__parameterized0_152\'
INFO: [VRFC 10-3107] analyzing entity '\ila_0_ltlib_v1_0_0_all_typeA_slice__parameterized0_156\'
INFO: [VRFC 10-3107] analyzing entity '\ila_0_ltlib_v1_0_0_all_typeA_slice__parameterized0_160\'
INFO: [VRFC 10-3107] analyzing entity '\ila_0_ltlib_v1_0_0_all_typeA_slice__parameterized0_164\'
INFO: [VRFC 10-3107] analyzing entity '\ila_0_ltlib_v1_0_0_all_typeA_slice__parameterized0_168\'
INFO: [VRFC 10-3107] analyzing entity '\ila_0_ltlib_v1_0_0_all_typeA_slice__parameterized0_172\'
INFO: [VRFC 10-3107] analyzing entity '\ila_0_ltlib_v1_0_0_all_typeA_slice__parameterized0_176\'
INFO: [VRFC 10-3107] analyzing entity '\ila_0_ltlib_v1_0_0_all_typeA_slice__parameterized0_180\'
INFO: [VRFC 10-3107] analyzing entity '\ila_0_ltlib_v1_0_0_all_typeA_slice__parameterized0_184\'
INFO: [VRFC 10-3107] analyzing entity '\ila_0_ltlib_v1_0_0_all_typeA_slice__parameterized0_188\'
INFO: [VRFC 10-3107] analyzing entity '\ila_0_ltlib_v1_0_0_all_typeA_slice__parameterized0_192\'
INFO: [VRFC 10-3107] analyzing entity '\ila_0_ltlib_v1_0_0_all_typeA_slice__parameterized0_196\'
INFO: [VRFC 10-3107] analyzing entity '\ila_0_ltlib_v1_0_0_all_typeA_slice__parameterized0_43\'
INFO: [VRFC 10-3107] analyzing entity '\ila_0_ltlib_v1_0_0_all_typeA_slice__parameterized0_46\'
INFO: [VRFC 10-3107] analyzing entity '\ila_0_ltlib_v1_0_0_all_typeA_slice__parameterized0_49\'
INFO: [VRFC 10-3107] analyzing entity '\ila_0_ltlib_v1_0_0_all_typeA_slice__parameterized0_52\'
INFO: [VRFC 10-3107] analyzing entity '\ila_0_ltlib_v1_0_0_all_typeA_slice__parameterized0_55\'
INFO: [VRFC 10-3107] analyzing entity '\ila_0_ltlib_v1_0_0_all_typeA_slice__parameterized0_58\'
INFO: [VRFC 10-3107] analyzing entity '\ila_0_ltlib_v1_0_0_all_typeA_slice__parameterized0_61\'
INFO: [VRFC 10-3107] analyzing entity '\ila_0_ltlib_v1_0_0_all_typeA_slice__parameterized0_64\'
INFO: [VRFC 10-3107] analyzing entity '\ila_0_ltlib_v1_0_0_all_typeA_slice__parameterized0_67\'
INFO: [VRFC 10-3107] analyzing entity '\ila_0_ltlib_v1_0_0_all_typeA_slice__parameterized0_68\'
INFO: [VRFC 10-3107] analyzing entity '\ila_0_ltlib_v1_0_0_all_typeA_slice__parameterized0_72\'
INFO: [VRFC 10-3107] analyzing entity '\ila_0_ltlib_v1_0_0_all_typeA_slice__parameterized0_76\'
INFO: [VRFC 10-3107] analyzing entity '\ila_0_ltlib_v1_0_0_all_typeA_slice__parameterized0_80\'
INFO: [VRFC 10-3107] analyzing entity '\ila_0_ltlib_v1_0_0_all_typeA_slice__parameterized0_84\'
INFO: [VRFC 10-3107] analyzing entity '\ila_0_ltlib_v1_0_0_all_typeA_slice__parameterized0_88\'
INFO: [VRFC 10-3107] analyzing entity '\ila_0_ltlib_v1_0_0_all_typeA_slice__parameterized0_92\'
INFO: [VRFC 10-3107] analyzing entity '\ila_0_ltlib_v1_0_0_all_typeA_slice__parameterized0_96\'
INFO: [VRFC 10-3107] analyzing entity '\ila_0_ltlib_v1_0_0_all_typeA_slice__parameterized1\'
INFO: [VRFC 10-3107] analyzing entity '\ila_0_ltlib_v1_0_0_all_typeA_slice__parameterized1_226\'
INFO: [VRFC 10-3107] analyzing entity '\ila_0_ltlib_v1_0_0_all_typeA_slice__parameterized1_234\'
INFO: [VRFC 10-3107] analyzing entity '\ila_0_ltlib_v1_0_0_all_typeA_slice__parameterized2\'
INFO: [VRFC 10-3107] analyzing entity '\ila_0_ltlib_v1_0_0_all_typeA_slice__parameterized2_227\'
INFO: [VRFC 10-3107] analyzing entity '\ila_0_ltlib_v1_0_0_all_typeA_slice__parameterized2_235\'
INFO: [VRFC 10-3107] analyzing entity 'ila_0_ltlib_v1_0_0_async_edge_xfer'
INFO: [VRFC 10-3107] analyzing entity 'ila_0_ltlib_v1_0_0_async_edge_xfer_197'
INFO: [VRFC 10-3107] analyzing entity 'ila_0_ltlib_v1_0_0_async_edge_xfer_198'
INFO: [VRFC 10-3107] analyzing entity 'ila_0_ltlib_v1_0_0_async_edge_xfer_199'
INFO: [VRFC 10-3107] analyzing entity 'ila_0_ltlib_v1_0_0_cfglut4'
INFO: [VRFC 10-3107] analyzing entity 'ila_0_ltlib_v1_0_0_cfglut4_228'
INFO: [VRFC 10-3107] analyzing entity 'ila_0_ltlib_v1_0_0_cfglut5'
INFO: [VRFC 10-3107] analyzing entity 'ila_0_ltlib_v1_0_0_cfglut5_222'
INFO: [VRFC 10-3107] analyzing entity 'ila_0_ltlib_v1_0_0_cfglut5_229'
INFO: [VRFC 10-3107] analyzing entity 'ila_0_ltlib_v1_0_0_cfglut6'
INFO: [VRFC 10-3107] analyzing entity 'ila_0_ltlib_v1_0_0_cfglut6_230'
INFO: [VRFC 10-3107] analyzing entity '\ila_0_ltlib_v1_0_0_cfglut6__parameterized0\'
INFO: [VRFC 10-3107] analyzing entity 'ila_0_ltlib_v1_0_0_cfglut7'
INFO: [VRFC 10-3107] analyzing entity 'ila_0_ltlib_v1_0_0_cfglut7_221'
INFO: [VRFC 10-3107] analyzing entity 'ila_0_ltlib_v1_0_0_generic_memrd'
INFO: [VRFC 10-3107] analyzing entity 'ila_0_ltlib_v1_0_0_rising_edge_detection'
INFO: [VRFC 10-3107] analyzing entity 'ila_0_ltlib_v1_0_0_rising_edge_detection_200'
INFO: [VRFC 10-3107] analyzing entity 'ila_0_xsdbs_v1_0_2_reg_ctl'
INFO: [VRFC 10-3107] analyzing entity 'ila_0_xsdbs_v1_0_2_reg_ctl_206'
INFO: [VRFC 10-3107] analyzing entity 'ila_0_xsdbs_v1_0_2_reg_ctl_207'
INFO: [VRFC 10-3107] analyzing entity 'ila_0_xsdbs_v1_0_2_reg_ctl_208'
INFO: [VRFC 10-3107] analyzing entity 'ila_0_xsdbs_v1_0_2_reg_ctl_209'
INFO: [VRFC 10-3107] analyzing entity 'ila_0_xsdbs_v1_0_2_reg_ctl_212'
INFO: [VRFC 10-3107] analyzing entity 'ila_0_xsdbs_v1_0_2_reg_ctl_213'
INFO: [VRFC 10-3107] analyzing entity 'ila_0_xsdbs_v1_0_2_reg_ctl_214'
INFO: [VRFC 10-3107] analyzing entity 'ila_0_xsdbs_v1_0_2_reg_ctl_215'
INFO: [VRFC 10-3107] analyzing entity 'ila_0_xsdbs_v1_0_2_reg_ctl_216'
INFO: [VRFC 10-3107] analyzing entity 'ila_0_xsdbs_v1_0_2_reg_ctl_217'
INFO: [VRFC 10-3107] analyzing entity 'ila_0_xsdbs_v1_0_2_reg_ctl_219'
INFO: [VRFC 10-3107] analyzing entity '\ila_0_xsdbs_v1_0_2_reg_ctl__parameterized0\'
INFO: [VRFC 10-3107] analyzing entity '\ila_0_xsdbs_v1_0_2_reg_ctl__parameterized1\'
INFO: [VRFC 10-3107] analyzing entity '\ila_0_xsdbs_v1_0_2_reg_ctl__parameterized2\'
INFO: [VRFC 10-3107] analyzing entity '\ila_0_xsdbs_v1_0_2_reg_ctl__parameterized2_210\'
INFO: [VRFC 10-3107] analyzing entity 'ila_0_xsdbs_v1_0_2_reg_p2s'
INFO: [VRFC 10-3107] analyzing entity '\ila_0_xsdbs_v1_0_2_reg_p2s__parameterized0\'
INFO: [VRFC 10-3107] analyzing entity '\ila_0_xsdbs_v1_0_2_reg_p2s__parameterized1\'
INFO: [VRFC 10-3107] analyzing entity '\ila_0_xsdbs_v1_0_2_reg_p2s__parameterized10\'
INFO: [VRFC 10-3107] analyzing entity '\ila_0_xsdbs_v1_0_2_reg_p2s__parameterized11\'
INFO: [VRFC 10-3107] analyzing entity '\ila_0_xsdbs_v1_0_2_reg_p2s__parameterized12\'
INFO: [VRFC 10-3107] analyzing entity '\ila_0_xsdbs_v1_0_2_reg_p2s__parameterized13\'
INFO: [VRFC 10-3107] analyzing entity '\ila_0_xsdbs_v1_0_2_reg_p2s__parameterized14\'
INFO: [VRFC 10-3107] analyzing entity '\ila_0_xsdbs_v1_0_2_reg_p2s__parameterized15\'
INFO: [VRFC 10-3107] analyzing entity '\ila_0_xsdbs_v1_0_2_reg_p2s__parameterized16\'
INFO: [VRFC 10-3107] analyzing entity '\ila_0_xsdbs_v1_0_2_reg_p2s__parameterized17\'
INFO: [VRFC 10-3107] analyzing entity '\ila_0_xsdbs_v1_0_2_reg_p2s__parameterized18\'
INFO: [VRFC 10-3107] analyzing entity '\ila_0_xsdbs_v1_0_2_reg_p2s__parameterized19\'
INFO: [VRFC 10-3107] analyzing entity '\ila_0_xsdbs_v1_0_2_reg_p2s__parameterized2\'
INFO: [VRFC 10-3107] analyzing entity '\ila_0_xsdbs_v1_0_2_reg_p2s__parameterized20\'
INFO: [VRFC 10-3107] analyzing entity '\ila_0_xsdbs_v1_0_2_reg_p2s__parameterized21\'
INFO: [VRFC 10-3107] analyzing entity '\ila_0_xsdbs_v1_0_2_reg_p2s__parameterized22\'
INFO: [VRFC 10-3107] analyzing entity '\ila_0_xsdbs_v1_0_2_reg_p2s__parameterized23\'
INFO: [VRFC 10-3107] analyzing entity '\ila_0_xsdbs_v1_0_2_reg_p2s__parameterized24\'
INFO: [VRFC 10-3107] analyzing entity '\ila_0_xsdbs_v1_0_2_reg_p2s__parameterized25\'
INFO: [VRFC 10-3107] analyzing entity '\ila_0_xsdbs_v1_0_2_reg_p2s__parameterized26\'
INFO: [VRFC 10-3107] analyzing entity '\ila_0_xsdbs_v1_0_2_reg_p2s__parameterized27\'
INFO: [VRFC 10-3107] analyzing entity '\ila_0_xsdbs_v1_0_2_reg_p2s__parameterized28\'
INFO: [VRFC 10-3107] analyzing entity '\ila_0_xsdbs_v1_0_2_reg_p2s__parameterized29\'
INFO: [VRFC 10-3107] analyzing entity '\ila_0_xsdbs_v1_0_2_reg_p2s__parameterized3\'
INFO: [VRFC 10-3107] analyzing entity '\ila_0_xsdbs_v1_0_2_reg_p2s__parameterized30\'
INFO: [VRFC 10-3107] analyzing entity '\ila_0_xsdbs_v1_0_2_reg_p2s__parameterized31\'
INFO: [VRFC 10-3107] analyzing entity '\ila_0_xsdbs_v1_0_2_reg_p2s__parameterized32\'
INFO: [VRFC 10-3107] analyzing entity '\ila_0_xsdbs_v1_0_2_reg_p2s__parameterized33\'
INFO: [VRFC 10-3107] analyzing entity '\ila_0_xsdbs_v1_0_2_reg_p2s__parameterized34\'
INFO: [VRFC 10-3107] analyzing entity '\ila_0_xsdbs_v1_0_2_reg_p2s__parameterized35\'
INFO: [VRFC 10-3107] analyzing entity '\ila_0_xsdbs_v1_0_2_reg_p2s__parameterized36\'
INFO: [VRFC 10-3107] analyzing entity '\ila_0_xsdbs_v1_0_2_reg_p2s__parameterized37\'
INFO: [VRFC 10-3107] analyzing entity '\ila_0_xsdbs_v1_0_2_reg_p2s__parameterized38\'
INFO: [VRFC 10-3107] analyzing entity '\ila_0_xsdbs_v1_0_2_reg_p2s__parameterized39\'
INFO: [VRFC 10-3107] analyzing entity '\ila_0_xsdbs_v1_0_2_reg_p2s__parameterized4\'
INFO: [VRFC 10-3107] analyzing entity '\ila_0_xsdbs_v1_0_2_reg_p2s__parameterized40\'
INFO: [VRFC 10-3107] analyzing entity '\ila_0_xsdbs_v1_0_2_reg_p2s__parameterized41\'
INFO: [VRFC 10-3107] analyzing entity '\ila_0_xsdbs_v1_0_2_reg_p2s__parameterized42\'
INFO: [VRFC 10-3107] analyzing entity '\ila_0_xsdbs_v1_0_2_reg_p2s__parameterized43\'
INFO: [VRFC 10-3107] analyzing entity '\ila_0_xsdbs_v1_0_2_reg_p2s__parameterized44\'
INFO: [VRFC 10-3107] analyzing entity '\ila_0_xsdbs_v1_0_2_reg_p2s__parameterized45\'
INFO: [VRFC 10-3107] analyzing entity '\ila_0_xsdbs_v1_0_2_reg_p2s__parameterized46\'
INFO: [VRFC 10-3107] analyzing entity '\ila_0_xsdbs_v1_0_2_reg_p2s__parameterized5\'
INFO: [VRFC 10-3107] analyzing entity '\ila_0_xsdbs_v1_0_2_reg_p2s__parameterized6\'
INFO: [VRFC 10-3107] analyzing entity '\ila_0_xsdbs_v1_0_2_reg_p2s__parameterized7\'
INFO: [VRFC 10-3107] analyzing entity '\ila_0_xsdbs_v1_0_2_reg_p2s__parameterized8\'
INFO: [VRFC 10-3107] analyzing entity '\ila_0_xsdbs_v1_0_2_reg_p2s__parameterized9\'
INFO: [VRFC 10-3107] analyzing entity 'ila_0_xsdbs_v1_0_2_reg_stat'
INFO: [VRFC 10-3107] analyzing entity 'ila_0_xsdbs_v1_0_2_reg_stat_201'
INFO: [VRFC 10-3107] analyzing entity 'ila_0_xsdbs_v1_0_2_reg_stat_202'
INFO: [VRFC 10-3107] analyzing entity 'ila_0_xsdbs_v1_0_2_reg_stat_203'
INFO: [VRFC 10-3107] analyzing entity 'ila_0_xsdbs_v1_0_2_reg_stat_204'
INFO: [VRFC 10-3107] analyzing entity 'ila_0_xsdbs_v1_0_2_reg_stat_205'
INFO: [VRFC 10-3107] analyzing entity 'ila_0_xsdbs_v1_0_2_reg_stat_211'
INFO: [VRFC 10-3107] analyzing entity 'ila_0_xsdbs_v1_0_2_reg_stat_218'
INFO: [VRFC 10-3107] analyzing entity 'ila_0_xsdbs_v1_0_2_reg_stat_220'
INFO: [VRFC 10-3107] analyzing entity 'ila_0_xsdbs_v1_0_2_xsdbs'
INFO: [VRFC 10-3107] analyzing entity 'ila_1_blk_mem_gen_prim_wrapper'
INFO: [VRFC 10-3107] analyzing entity 'ila_1_ila_v6_2_8_generic_counter'
INFO: [VRFC 10-3107] analyzing entity '\ila_1_ila_v6_2_8_generic_counter__1\'
INFO: [VRFC 10-3107] analyzing entity '\ila_1_ila_v6_2_8_generic_counter__2\'
INFO: [VRFC 10-3107] analyzing entity '\ila_1_ila_v6_2_8_generic_counter__3\'
INFO: [VRFC 10-3107] analyzing entity 'ila_1_ila_v6_2_8_ila_adv_trigger_sequencer'
INFO: [VRFC 10-3107] analyzing entity 'ila_1_ila_v6_2_8_ila_fsm_memory_read'
INFO: [VRFC 10-3107] analyzing entity 'ila_1_ltlib_v1_0_0_all_typeA_slice'
INFO: [VRFC 10-3107] analyzing entity 'ila_1_ltlib_v1_0_0_all_typeA_slice_100'
INFO: [VRFC 10-3107] analyzing entity 'ila_1_ltlib_v1_0_0_all_typeA_slice_103'
INFO: [VRFC 10-3107] analyzing entity 'ila_1_ltlib_v1_0_0_all_typeA_slice_106'
INFO: [VRFC 10-3107] analyzing entity 'ila_1_ltlib_v1_0_0_all_typeA_slice_109'
INFO: [VRFC 10-3107] analyzing entity 'ila_1_ltlib_v1_0_0_all_typeA_slice_112'
INFO: [VRFC 10-3107] analyzing entity 'ila_1_ltlib_v1_0_0_all_typeA_slice_115'
INFO: [VRFC 10-3107] analyzing entity 'ila_1_ltlib_v1_0_0_all_typeA_slice_118'
INFO: [VRFC 10-3107] analyzing entity 'ila_1_ltlib_v1_0_0_all_typeA_slice_121'
INFO: [VRFC 10-3107] analyzing entity 'ila_1_ltlib_v1_0_0_all_typeA_slice_124'
INFO: [VRFC 10-3107] analyzing entity 'ila_1_ltlib_v1_0_0_all_typeA_slice_127'
INFO: [VRFC 10-3107] analyzing entity 'ila_1_ltlib_v1_0_0_all_typeA_slice_130'
INFO: [VRFC 10-3107] analyzing entity 'ila_1_ltlib_v1_0_0_all_typeA_slice_133'
INFO: [VRFC 10-3107] analyzing entity 'ila_1_ltlib_v1_0_0_all_typeA_slice_136'
INFO: [VRFC 10-3107] analyzing entity 'ila_1_ltlib_v1_0_0_all_typeA_slice_139'
INFO: [VRFC 10-3107] analyzing entity 'ila_1_ltlib_v1_0_0_all_typeA_slice_142'
INFO: [VRFC 10-3107] analyzing entity 'ila_1_ltlib_v1_0_0_all_typeA_slice_145'
INFO: [VRFC 10-3107] analyzing entity 'ila_1_ltlib_v1_0_0_all_typeA_slice_148'
INFO: [VRFC 10-3107] analyzing entity 'ila_1_ltlib_v1_0_0_all_typeA_slice_151'
INFO: [VRFC 10-3107] analyzing entity 'ila_1_ltlib_v1_0_0_all_typeA_slice_154'
INFO: [VRFC 10-3107] analyzing entity 'ila_1_ltlib_v1_0_0_all_typeA_slice_157'
INFO: [VRFC 10-3107] analyzing entity 'ila_1_ltlib_v1_0_0_all_typeA_slice_41'
INFO: [VRFC 10-3107] analyzing entity 'ila_1_ltlib_v1_0_0_all_typeA_slice_44'
INFO: [VRFC 10-3107] analyzing entity 'ila_1_ltlib_v1_0_0_all_typeA_slice_47'
INFO: [VRFC 10-3107] analyzing entity 'ila_1_ltlib_v1_0_0_all_typeA_slice_50'
INFO: [VRFC 10-3107] analyzing entity 'ila_1_ltlib_v1_0_0_all_typeA_slice_53'
INFO: [VRFC 10-3107] analyzing entity 'ila_1_ltlib_v1_0_0_all_typeA_slice_56'
INFO: [VRFC 10-3107] analyzing entity 'ila_1_ltlib_v1_0_0_all_typeA_slice_59'
INFO: [VRFC 10-3107] analyzing entity 'ila_1_ltlib_v1_0_0_all_typeA_slice_61'
INFO: [VRFC 10-3107] analyzing entity 'ila_1_ltlib_v1_0_0_all_typeA_slice_64'
INFO: [VRFC 10-3107] analyzing entity 'ila_1_ltlib_v1_0_0_all_typeA_slice_67'
INFO: [VRFC 10-3107] analyzing entity 'ila_1_ltlib_v1_0_0_all_typeA_slice_70'
INFO: [VRFC 10-3107] analyzing entity 'ila_1_ltlib_v1_0_0_all_typeA_slice_73'
INFO: [VRFC 10-3107] analyzing entity 'ila_1_ltlib_v1_0_0_all_typeA_slice_76'
INFO: [VRFC 10-3107] analyzing entity 'ila_1_ltlib_v1_0_0_all_typeA_slice_79'
INFO: [VRFC 10-3107] analyzing entity 'ila_1_ltlib_v1_0_0_all_typeA_slice_82'
INFO: [VRFC 10-3107] analyzing entity 'ila_1_ltlib_v1_0_0_all_typeA_slice_85'
INFO: [VRFC 10-3107] analyzing entity 'ila_1_ltlib_v1_0_0_all_typeA_slice_88'
INFO: [VRFC 10-3107] analyzing entity 'ila_1_ltlib_v1_0_0_all_typeA_slice_91'
INFO: [VRFC 10-3107] analyzing entity 'ila_1_ltlib_v1_0_0_all_typeA_slice_94'
INFO: [VRFC 10-3107] analyzing entity 'ila_1_ltlib_v1_0_0_all_typeA_slice_97'
INFO: [VRFC 10-3107] analyzing entity '\ila_1_ltlib_v1_0_0_all_typeA_slice__parameterized0\'
INFO: [VRFC 10-3107] analyzing entity '\ila_1_ltlib_v1_0_0_all_typeA_slice__parameterized0_187\'
INFO: [VRFC 10-3107] analyzing entity '\ila_1_ltlib_v1_0_0_all_typeA_slice__parameterized0_195\'
INFO: [VRFC 10-3107] analyzing entity '\ila_1_ltlib_v1_0_0_all_typeA_slice__parameterized1\'
INFO: [VRFC 10-3107] analyzing entity '\ila_1_ltlib_v1_0_0_all_typeA_slice__parameterized1_188\'
INFO: [VRFC 10-3107] analyzing entity '\ila_1_ltlib_v1_0_0_all_typeA_slice__parameterized1_196\'
INFO: [VRFC 10-3107] analyzing entity 'ila_1_ltlib_v1_0_0_async_edge_xfer'
INFO: [VRFC 10-3107] analyzing entity 'ila_1_ltlib_v1_0_0_async_edge_xfer_158'
INFO: [VRFC 10-3107] analyzing entity 'ila_1_ltlib_v1_0_0_async_edge_xfer_159'
INFO: [VRFC 10-3107] analyzing entity 'ila_1_ltlib_v1_0_0_async_edge_xfer_160'
INFO: [VRFC 10-3107] analyzing entity 'ila_1_ltlib_v1_0_0_cfglut4'
INFO: [VRFC 10-3107] analyzing entity 'ila_1_ltlib_v1_0_0_cfglut4_189'
INFO: [VRFC 10-3107] analyzing entity 'ila_1_ltlib_v1_0_0_cfglut5'
INFO: [VRFC 10-3107] analyzing entity 'ila_1_ltlib_v1_0_0_cfglut5_183'
INFO: [VRFC 10-3107] analyzing entity 'ila_1_ltlib_v1_0_0_cfglut5_190'
INFO: [VRFC 10-3107] analyzing entity 'ila_1_ltlib_v1_0_0_cfglut6'
INFO: [VRFC 10-3107] analyzing entity 'ila_1_ltlib_v1_0_0_cfglut6_191'
INFO: [VRFC 10-3107] analyzing entity '\ila_1_ltlib_v1_0_0_cfglut6__parameterized0\'
INFO: [VRFC 10-3107] analyzing entity 'ila_1_ltlib_v1_0_0_cfglut7'
INFO: [VRFC 10-3107] analyzing entity 'ila_1_ltlib_v1_0_0_cfglut7_182'
INFO: [VRFC 10-3107] analyzing entity 'ila_1_ltlib_v1_0_0_generic_memrd'
INFO: [VRFC 10-3107] analyzing entity 'ila_1_ltlib_v1_0_0_rising_edge_detection'
INFO: [VRFC 10-3107] analyzing entity 'ila_1_ltlib_v1_0_0_rising_edge_detection_161'
INFO: [VRFC 10-3107] analyzing entity 'ila_1_xsdbs_v1_0_2_reg_ctl'
INFO: [VRFC 10-3107] analyzing entity 'ila_1_xsdbs_v1_0_2_reg_ctl_167'
INFO: [VRFC 10-3107] analyzing entity 'ila_1_xsdbs_v1_0_2_reg_ctl_168'
INFO: [VRFC 10-3107] analyzing entity 'ila_1_xsdbs_v1_0_2_reg_ctl_169'
INFO: [VRFC 10-3107] analyzing entity 'ila_1_xsdbs_v1_0_2_reg_ctl_170'
INFO: [VRFC 10-3107] analyzing entity 'ila_1_xsdbs_v1_0_2_reg_ctl_173'
INFO: [VRFC 10-3107] analyzing entity 'ila_1_xsdbs_v1_0_2_reg_ctl_174'
INFO: [VRFC 10-3107] analyzing entity 'ila_1_xsdbs_v1_0_2_reg_ctl_175'
INFO: [VRFC 10-3107] analyzing entity 'ila_1_xsdbs_v1_0_2_reg_ctl_176'
INFO: [VRFC 10-3107] analyzing entity 'ila_1_xsdbs_v1_0_2_reg_ctl_177'
INFO: [VRFC 10-3107] analyzing entity 'ila_1_xsdbs_v1_0_2_reg_ctl_178'
INFO: [VRFC 10-3107] analyzing entity 'ila_1_xsdbs_v1_0_2_reg_ctl_180'
INFO: [VRFC 10-3107] analyzing entity '\ila_1_xsdbs_v1_0_2_reg_ctl__parameterized0\'
INFO: [VRFC 10-3107] analyzing entity '\ila_1_xsdbs_v1_0_2_reg_ctl__parameterized1\'
INFO: [VRFC 10-3107] analyzing entity '\ila_1_xsdbs_v1_0_2_reg_ctl__parameterized2\'
INFO: [VRFC 10-3107] analyzing entity '\ila_1_xsdbs_v1_0_2_reg_ctl__parameterized2_171\'
INFO: [VRFC 10-3107] analyzing entity 'ila_1_xsdbs_v1_0_2_reg_p2s'
INFO: [VRFC 10-3107] analyzing entity '\ila_1_xsdbs_v1_0_2_reg_p2s__parameterized0\'
INFO: [VRFC 10-3107] analyzing entity '\ila_1_xsdbs_v1_0_2_reg_p2s__parameterized1\'
INFO: [VRFC 10-3107] analyzing entity '\ila_1_xsdbs_v1_0_2_reg_p2s__parameterized10\'
INFO: [VRFC 10-3107] analyzing entity '\ila_1_xsdbs_v1_0_2_reg_p2s__parameterized11\'
INFO: [VRFC 10-3107] analyzing entity '\ila_1_xsdbs_v1_0_2_reg_p2s__parameterized12\'
INFO: [VRFC 10-3107] analyzing entity '\ila_1_xsdbs_v1_0_2_reg_p2s__parameterized13\'
INFO: [VRFC 10-3107] analyzing entity '\ila_1_xsdbs_v1_0_2_reg_p2s__parameterized14\'
INFO: [VRFC 10-3107] analyzing entity '\ila_1_xsdbs_v1_0_2_reg_p2s__parameterized15\'
INFO: [VRFC 10-3107] analyzing entity '\ila_1_xsdbs_v1_0_2_reg_p2s__parameterized16\'
INFO: [VRFC 10-3107] analyzing entity '\ila_1_xsdbs_v1_0_2_reg_p2s__parameterized17\'
INFO: [VRFC 10-3107] analyzing entity '\ila_1_xsdbs_v1_0_2_reg_p2s__parameterized18\'
INFO: [VRFC 10-3107] analyzing entity '\ila_1_xsdbs_v1_0_2_reg_p2s__parameterized19\'
INFO: [VRFC 10-3107] analyzing entity '\ila_1_xsdbs_v1_0_2_reg_p2s__parameterized2\'
INFO: [VRFC 10-3107] analyzing entity '\ila_1_xsdbs_v1_0_2_reg_p2s__parameterized20\'
INFO: [VRFC 10-3107] analyzing entity '\ila_1_xsdbs_v1_0_2_reg_p2s__parameterized21\'
INFO: [VRFC 10-3107] analyzing entity '\ila_1_xsdbs_v1_0_2_reg_p2s__parameterized22\'
INFO: [VRFC 10-3107] analyzing entity '\ila_1_xsdbs_v1_0_2_reg_p2s__parameterized23\'
INFO: [VRFC 10-3107] analyzing entity '\ila_1_xsdbs_v1_0_2_reg_p2s__parameterized24\'
INFO: [VRFC 10-3107] analyzing entity '\ila_1_xsdbs_v1_0_2_reg_p2s__parameterized25\'
INFO: [VRFC 10-3107] analyzing entity '\ila_1_xsdbs_v1_0_2_reg_p2s__parameterized26\'
INFO: [VRFC 10-3107] analyzing entity '\ila_1_xsdbs_v1_0_2_reg_p2s__parameterized27\'
INFO: [VRFC 10-3107] analyzing entity '\ila_1_xsdbs_v1_0_2_reg_p2s__parameterized28\'
INFO: [VRFC 10-3107] analyzing entity '\ila_1_xsdbs_v1_0_2_reg_p2s__parameterized29\'
INFO: [VRFC 10-3107] analyzing entity '\ila_1_xsdbs_v1_0_2_reg_p2s__parameterized3\'
INFO: [VRFC 10-3107] analyzing entity '\ila_1_xsdbs_v1_0_2_reg_p2s__parameterized30\'
INFO: [VRFC 10-3107] analyzing entity '\ila_1_xsdbs_v1_0_2_reg_p2s__parameterized31\'
INFO: [VRFC 10-3107] analyzing entity '\ila_1_xsdbs_v1_0_2_reg_p2s__parameterized32\'
INFO: [VRFC 10-3107] analyzing entity '\ila_1_xsdbs_v1_0_2_reg_p2s__parameterized33\'
INFO: [VRFC 10-3107] analyzing entity '\ila_1_xsdbs_v1_0_2_reg_p2s__parameterized34\'
INFO: [VRFC 10-3107] analyzing entity '\ila_1_xsdbs_v1_0_2_reg_p2s__parameterized35\'
INFO: [VRFC 10-3107] analyzing entity '\ila_1_xsdbs_v1_0_2_reg_p2s__parameterized36\'
INFO: [VRFC 10-3107] analyzing entity '\ila_1_xsdbs_v1_0_2_reg_p2s__parameterized37\'
INFO: [VRFC 10-3107] analyzing entity '\ila_1_xsdbs_v1_0_2_reg_p2s__parameterized38\'
INFO: [VRFC 10-3107] analyzing entity '\ila_1_xsdbs_v1_0_2_reg_p2s__parameterized39\'
INFO: [VRFC 10-3107] analyzing entity '\ila_1_xsdbs_v1_0_2_reg_p2s__parameterized4\'
INFO: [VRFC 10-3107] analyzing entity '\ila_1_xsdbs_v1_0_2_reg_p2s__parameterized40\'
INFO: [VRFC 10-3107] analyzing entity '\ila_1_xsdbs_v1_0_2_reg_p2s__parameterized41\'
INFO: [VRFC 10-3107] analyzing entity '\ila_1_xsdbs_v1_0_2_reg_p2s__parameterized42\'
INFO: [VRFC 10-3107] analyzing entity '\ila_1_xsdbs_v1_0_2_reg_p2s__parameterized43\'
INFO: [VRFC 10-3107] analyzing entity '\ila_1_xsdbs_v1_0_2_reg_p2s__parameterized44\'
INFO: [VRFC 10-3107] analyzing entity '\ila_1_xsdbs_v1_0_2_reg_p2s__parameterized5\'
INFO: [VRFC 10-3107] analyzing entity '\ila_1_xsdbs_v1_0_2_reg_p2s__parameterized6\'
INFO: [VRFC 10-3107] analyzing entity '\ila_1_xsdbs_v1_0_2_reg_p2s__parameterized7\'
INFO: [VRFC 10-3107] analyzing entity '\ila_1_xsdbs_v1_0_2_reg_p2s__parameterized8\'
INFO: [VRFC 10-3107] analyzing entity '\ila_1_xsdbs_v1_0_2_reg_p2s__parameterized9\'
INFO: [VRFC 10-3107] analyzing entity 'ila_1_xsdbs_v1_0_2_reg_stat'
INFO: [VRFC 10-3107] analyzing entity 'ila_1_xsdbs_v1_0_2_reg_stat_162'
INFO: [VRFC 10-3107] analyzing entity 'ila_1_xsdbs_v1_0_2_reg_stat_163'
INFO: [VRFC 10-3107] analyzing entity 'ila_1_xsdbs_v1_0_2_reg_stat_164'
INFO: [VRFC 10-3107] analyzing entity 'ila_1_xsdbs_v1_0_2_reg_stat_165'
INFO: [VRFC 10-3107] analyzing entity 'ila_1_xsdbs_v1_0_2_reg_stat_166'
INFO: [VRFC 10-3107] analyzing entity 'ila_1_xsdbs_v1_0_2_reg_stat_172'
INFO: [VRFC 10-3107] analyzing entity 'ila_1_xsdbs_v1_0_2_reg_stat_179'
INFO: [VRFC 10-3107] analyzing entity 'ila_1_xsdbs_v1_0_2_reg_stat_181'
INFO: [VRFC 10-3107] analyzing entity 'ila_1_xsdbs_v1_0_2_xsdbs'
INFO: [VRFC 10-3107] analyzing entity 'clk_x_pntrs'
INFO: [VRFC 10-3107] analyzing entity 'clk_x_pntrs_8'
INFO: [VRFC 10-3107] analyzing entity 'memory'
INFO: [VRFC 10-3107] analyzing entity '\memory__parameterized0\'
INFO: [VRFC 10-3107] analyzing entity 'rd_logic'
INFO: [VRFC 10-3107] analyzing entity '\rd_logic__parameterized0\'
INFO: [VRFC 10-3107] analyzing entity 'reset_blk_ramfifo'
INFO: [VRFC 10-3107] analyzing entity 'reset_blk_ramfifo_9'
INFO: [VRFC 10-3107] analyzing entity 'wr_logic'
INFO: [VRFC 10-3107] analyzing entity '\wr_logic__parameterized0\'
INFO: [VRFC 10-3107] analyzing entity 'xsdbm_v3_0_0_bus_ctl'
INFO: [VRFC 10-3107] analyzing entity 'xsdbm_v3_0_0_bus_mstr2sl_if'
INFO: [VRFC 10-3107] analyzing entity 'xsdbm_v3_0_0_icon'
INFO: [VRFC 10-3107] analyzing entity 'clk_wiz_0'
INFO: [VRFC 10-3107] analyzing entity 'data_path_core_1'
INFO: [VRFC 10-3107] analyzing entity 'ila_0_blk_mem_gen_prim_width'
INFO: [VRFC 10-3107] analyzing entity '\ila_0_blk_mem_gen_prim_width__parameterized0\'
INFO: [VRFC 10-3107] analyzing entity 'ila_0_ila_v6_2_8_ila_counter'
INFO: [VRFC 10-3107] analyzing entity 'ila_0_ila_v6_2_8_ila_reset_ctrl'
INFO: [VRFC 10-3107] analyzing entity 'ila_0_ltlib_v1_0_0_all_typeA'
INFO: [VRFC 10-3107] analyzing entity 'ila_0_ltlib_v1_0_0_all_typeA_102'
INFO: [VRFC 10-3107] analyzing entity 'ila_0_ltlib_v1_0_0_all_typeA_106'
INFO: [VRFC 10-3107] analyzing entity 'ila_0_ltlib_v1_0_0_all_typeA_110'
INFO: [VRFC 10-3107] analyzing entity 'ila_0_ltlib_v1_0_0_all_typeA_114'
INFO: [VRFC 10-3107] analyzing entity 'ila_0_ltlib_v1_0_0_all_typeA_118'
INFO: [VRFC 10-3107] analyzing entity 'ila_0_ltlib_v1_0_0_all_typeA_122'
INFO: [VRFC 10-3107] analyzing entity 'ila_0_ltlib_v1_0_0_all_typeA_126'
INFO: [VRFC 10-3107] analyzing entity 'ila_0_ltlib_v1_0_0_all_typeA_130'
INFO: [VRFC 10-3107] analyzing entity 'ila_0_ltlib_v1_0_0_all_typeA_134'
INFO: [VRFC 10-3107] analyzing entity 'ila_0_ltlib_v1_0_0_all_typeA_138'
INFO: [VRFC 10-3107] analyzing entity 'ila_0_ltlib_v1_0_0_all_typeA_142'
INFO: [VRFC 10-3107] analyzing entity 'ila_0_ltlib_v1_0_0_all_typeA_146'
INFO: [VRFC 10-3107] analyzing entity 'ila_0_ltlib_v1_0_0_all_typeA_150'
INFO: [VRFC 10-3107] analyzing entity 'ila_0_ltlib_v1_0_0_all_typeA_154'
INFO: [VRFC 10-3107] analyzing entity 'ila_0_ltlib_v1_0_0_all_typeA_158'
INFO: [VRFC 10-3107] analyzing entity 'ila_0_ltlib_v1_0_0_all_typeA_162'
INFO: [VRFC 10-3107] analyzing entity 'ila_0_ltlib_v1_0_0_all_typeA_166'
INFO: [VRFC 10-3107] analyzing entity 'ila_0_ltlib_v1_0_0_all_typeA_170'
INFO: [VRFC 10-3107] analyzing entity 'ila_0_ltlib_v1_0_0_all_typeA_174'
INFO: [VRFC 10-3107] analyzing entity 'ila_0_ltlib_v1_0_0_all_typeA_178'
INFO: [VRFC 10-3107] analyzing entity 'ila_0_ltlib_v1_0_0_all_typeA_182'
INFO: [VRFC 10-3107] analyzing entity 'ila_0_ltlib_v1_0_0_all_typeA_186'
INFO: [VRFC 10-3107] analyzing entity 'ila_0_ltlib_v1_0_0_all_typeA_190'
INFO: [VRFC 10-3107] analyzing entity 'ila_0_ltlib_v1_0_0_all_typeA_194'
INFO: [VRFC 10-3107] analyzing entity 'ila_0_ltlib_v1_0_0_all_typeA_70'
INFO: [VRFC 10-3107] analyzing entity 'ila_0_ltlib_v1_0_0_all_typeA_74'
INFO: [VRFC 10-3107] analyzing entity 'ila_0_ltlib_v1_0_0_all_typeA_78'
INFO: [VRFC 10-3107] analyzing entity 'ila_0_ltlib_v1_0_0_all_typeA_82'
INFO: [VRFC 10-3107] analyzing entity 'ila_0_ltlib_v1_0_0_all_typeA_86'
INFO: [VRFC 10-3107] analyzing entity 'ila_0_ltlib_v1_0_0_all_typeA_90'
INFO: [VRFC 10-3107] analyzing entity 'ila_0_ltlib_v1_0_0_all_typeA_94'
INFO: [VRFC 10-3107] analyzing entity 'ila_0_ltlib_v1_0_0_all_typeA_98'
INFO: [VRFC 10-3107] analyzing entity '\ila_0_ltlib_v1_0_0_all_typeA__parameterized0\'
INFO: [VRFC 10-3107] analyzing entity '\ila_0_ltlib_v1_0_0_all_typeA__parameterized0_42\'
INFO: [VRFC 10-3107] analyzing entity '\ila_0_ltlib_v1_0_0_all_typeA__parameterized0_45\'
INFO: [VRFC 10-3107] analyzing entity '\ila_0_ltlib_v1_0_0_all_typeA__parameterized0_48\'
INFO: [VRFC 10-3107] analyzing entity '\ila_0_ltlib_v1_0_0_all_typeA__parameterized0_51\'
INFO: [VRFC 10-3107] analyzing entity '\ila_0_ltlib_v1_0_0_all_typeA__parameterized0_54\'
INFO: [VRFC 10-3107] analyzing entity '\ila_0_ltlib_v1_0_0_all_typeA__parameterized0_57\'
INFO: [VRFC 10-3107] analyzing entity '\ila_0_ltlib_v1_0_0_all_typeA__parameterized0_60\'
INFO: [VRFC 10-3107] analyzing entity '\ila_0_ltlib_v1_0_0_all_typeA__parameterized0_63\'
INFO: [VRFC 10-3107] analyzing entity '\ila_0_ltlib_v1_0_0_all_typeA__parameterized0_66\'
INFO: [VRFC 10-3107] analyzing entity '\ila_0_ltlib_v1_0_0_all_typeA__parameterized1\'
INFO: [VRFC 10-3107] analyzing entity '\ila_0_ltlib_v1_0_0_all_typeA__parameterized1_225\'
INFO: [VRFC 10-3107] analyzing entity '\ila_0_ltlib_v1_0_0_all_typeA__parameterized1_233\'
INFO: [VRFC 10-3107] analyzing entity '\ila_0_xsdbs_v1_0_2_reg__parameterized24\'
INFO: [VRFC 10-3107] analyzing entity '\ila_0_xsdbs_v1_0_2_reg__parameterized25\'
INFO: [VRFC 10-3107] analyzing entity '\ila_0_xsdbs_v1_0_2_reg__parameterized26\'
INFO: [VRFC 10-3107] analyzing entity '\ila_0_xsdbs_v1_0_2_reg__parameterized27\'
INFO: [VRFC 10-3107] analyzing entity '\ila_0_xsdbs_v1_0_2_reg__parameterized39\'
INFO: [VRFC 10-3107] analyzing entity '\ila_0_xsdbs_v1_0_2_reg__parameterized40\'
INFO: [VRFC 10-3107] analyzing entity '\ila_0_xsdbs_v1_0_2_reg__parameterized41\'
INFO: [VRFC 10-3107] analyzing entity '\ila_0_xsdbs_v1_0_2_reg__parameterized42\'
INFO: [VRFC 10-3107] analyzing entity '\ila_0_xsdbs_v1_0_2_reg__parameterized43\'
INFO: [VRFC 10-3107] analyzing entity '\ila_0_xsdbs_v1_0_2_reg__parameterized44\'
INFO: [VRFC 10-3107] analyzing entity '\ila_0_xsdbs_v1_0_2_reg__parameterized45\'
INFO: [VRFC 10-3107] analyzing entity '\ila_0_xsdbs_v1_0_2_reg__parameterized46\'
INFO: [VRFC 10-3107] analyzing entity '\ila_0_xsdbs_v1_0_2_reg__parameterized47\'
INFO: [VRFC 10-3107] analyzing entity '\ila_0_xsdbs_v1_0_2_reg__parameterized48\'
INFO: [VRFC 10-3107] analyzing entity '\ila_0_xsdbs_v1_0_2_reg__parameterized49\'
INFO: [VRFC 10-3107] analyzing entity '\ila_0_xsdbs_v1_0_2_reg__parameterized50\'
INFO: [VRFC 10-3107] analyzing entity '\ila_0_xsdbs_v1_0_2_reg__parameterized52\'
INFO: [VRFC 10-3107] analyzing entity '\ila_0_xsdbs_v1_0_2_reg__parameterized54\'
INFO: [VRFC 10-3107] analyzing entity '\ila_0_xsdbs_v1_0_2_reg__parameterized55\'
INFO: [VRFC 10-3107] analyzing entity '\ila_0_xsdbs_v1_0_2_reg__parameterized56\'
INFO: [VRFC 10-3107] analyzing entity '\ila_0_xsdbs_v1_0_2_reg__parameterized57\'
INFO: [VRFC 10-3107] analyzing entity 'ila_0_xsdbs_v1_0_2_reg_stream'
INFO: [VRFC 10-3107] analyzing entity '\ila_0_xsdbs_v1_0_2_reg_stream__parameterized0\'
INFO: [VRFC 10-3107] analyzing entity '\ila_0_xsdbs_v1_0_2_reg_stream__parameterized1\'
INFO: [VRFC 10-3107] analyzing entity '\ila_0_xsdbs_v1_0_2_reg_stream__parameterized2\'
INFO: [VRFC 10-3107] analyzing entity 'ila_1_blk_mem_gen_prim_width'
INFO: [VRFC 10-3107] analyzing entity 'ila_1_ila_v6_2_8_ila_counter'
INFO: [VRFC 10-3107] analyzing entity 'ila_1_ila_v6_2_8_ila_reset_ctrl'
INFO: [VRFC 10-3107] analyzing entity 'ila_1_ltlib_v1_0_0_all_typeA'
INFO: [VRFC 10-3107] analyzing entity 'ila_1_ltlib_v1_0_0_all_typeA_102'
INFO: [VRFC 10-3107] analyzing entity 'ila_1_ltlib_v1_0_0_all_typeA_105'
INFO: [VRFC 10-3107] analyzing entity 'ila_1_ltlib_v1_0_0_all_typeA_108'
INFO: [VRFC 10-3107] analyzing entity 'ila_1_ltlib_v1_0_0_all_typeA_111'
INFO: [VRFC 10-3107] analyzing entity 'ila_1_ltlib_v1_0_0_all_typeA_114'
INFO: [VRFC 10-3107] analyzing entity 'ila_1_ltlib_v1_0_0_all_typeA_117'
INFO: [VRFC 10-3107] analyzing entity 'ila_1_ltlib_v1_0_0_all_typeA_120'
INFO: [VRFC 10-3107] analyzing entity 'ila_1_ltlib_v1_0_0_all_typeA_123'
INFO: [VRFC 10-3107] analyzing entity 'ila_1_ltlib_v1_0_0_all_typeA_126'
INFO: [VRFC 10-3107] analyzing entity 'ila_1_ltlib_v1_0_0_all_typeA_129'
INFO: [VRFC 10-3107] analyzing entity 'ila_1_ltlib_v1_0_0_all_typeA_132'
INFO: [VRFC 10-3107] analyzing entity 'ila_1_ltlib_v1_0_0_all_typeA_135'
INFO: [VRFC 10-3107] analyzing entity 'ila_1_ltlib_v1_0_0_all_typeA_138'
INFO: [VRFC 10-3107] analyzing entity 'ila_1_ltlib_v1_0_0_all_typeA_141'
INFO: [VRFC 10-3107] analyzing entity 'ila_1_ltlib_v1_0_0_all_typeA_144'
INFO: [VRFC 10-3107] analyzing entity 'ila_1_ltlib_v1_0_0_all_typeA_147'
INFO: [VRFC 10-3107] analyzing entity 'ila_1_ltlib_v1_0_0_all_typeA_150'
INFO: [VRFC 10-3107] analyzing entity 'ila_1_ltlib_v1_0_0_all_typeA_153'
INFO: [VRFC 10-3107] analyzing entity 'ila_1_ltlib_v1_0_0_all_typeA_156'
INFO: [VRFC 10-3107] analyzing entity 'ila_1_ltlib_v1_0_0_all_typeA_40'
INFO: [VRFC 10-3107] analyzing entity 'ila_1_ltlib_v1_0_0_all_typeA_43'
INFO: [VRFC 10-3107] analyzing entity 'ila_1_ltlib_v1_0_0_all_typeA_46'
INFO: [VRFC 10-3107] analyzing entity 'ila_1_ltlib_v1_0_0_all_typeA_49'
INFO: [VRFC 10-3107] analyzing entity 'ila_1_ltlib_v1_0_0_all_typeA_52'
INFO: [VRFC 10-3107] analyzing entity 'ila_1_ltlib_v1_0_0_all_typeA_55'
INFO: [VRFC 10-3107] analyzing entity 'ila_1_ltlib_v1_0_0_all_typeA_58'
INFO: [VRFC 10-3107] analyzing entity 'ila_1_ltlib_v1_0_0_all_typeA_60'
INFO: [VRFC 10-3107] analyzing entity 'ila_1_ltlib_v1_0_0_all_typeA_63'
INFO: [VRFC 10-3107] analyzing entity 'ila_1_ltlib_v1_0_0_all_typeA_66'
INFO: [VRFC 10-3107] analyzing entity 'ila_1_ltlib_v1_0_0_all_typeA_69'
INFO: [VRFC 10-3107] analyzing entity 'ila_1_ltlib_v1_0_0_all_typeA_72'
INFO: [VRFC 10-3107] analyzing entity 'ila_1_ltlib_v1_0_0_all_typeA_75'
INFO: [VRFC 10-3107] analyzing entity 'ila_1_ltlib_v1_0_0_all_typeA_78'
INFO: [VRFC 10-3107] analyzing entity 'ila_1_ltlib_v1_0_0_all_typeA_81'
INFO: [VRFC 10-3107] analyzing entity 'ila_1_ltlib_v1_0_0_all_typeA_84'
INFO: [VRFC 10-3107] analyzing entity 'ila_1_ltlib_v1_0_0_all_typeA_87'
INFO: [VRFC 10-3107] analyzing entity 'ila_1_ltlib_v1_0_0_all_typeA_90'
INFO: [VRFC 10-3107] analyzing entity 'ila_1_ltlib_v1_0_0_all_typeA_93'
INFO: [VRFC 10-3107] analyzing entity 'ila_1_ltlib_v1_0_0_all_typeA_96'
INFO: [VRFC 10-3107] analyzing entity 'ila_1_ltlib_v1_0_0_all_typeA_99'
INFO: [VRFC 10-3107] analyzing entity '\ila_1_ltlib_v1_0_0_all_typeA__parameterized0\'
INFO: [VRFC 10-3107] analyzing entity '\ila_1_ltlib_v1_0_0_all_typeA__parameterized0_186\'
INFO: [VRFC 10-3107] analyzing entity '\ila_1_ltlib_v1_0_0_all_typeA__parameterized0_194\'
INFO: [VRFC 10-3107] analyzing entity '\ila_1_xsdbs_v1_0_2_reg__parameterized21\'
INFO: [VRFC 10-3107] analyzing entity '\ila_1_xsdbs_v1_0_2_reg__parameterized22\'
INFO: [VRFC 10-3107] analyzing entity '\ila_1_xsdbs_v1_0_2_reg__parameterized23\'
INFO: [VRFC 10-3107] analyzing entity '\ila_1_xsdbs_v1_0_2_reg__parameterized24\'
INFO: [VRFC 10-3107] analyzing entity '\ila_1_xsdbs_v1_0_2_reg__parameterized36\'
INFO: [VRFC 10-3107] analyzing entity '\ila_1_xsdbs_v1_0_2_reg__parameterized37\'
INFO: [VRFC 10-3107] analyzing entity '\ila_1_xsdbs_v1_0_2_reg__parameterized38\'
INFO: [VRFC 10-3107] analyzing entity '\ila_1_xsdbs_v1_0_2_reg__parameterized39\'
INFO: [VRFC 10-3107] analyzing entity '\ila_1_xsdbs_v1_0_2_reg__parameterized40\'
INFO: [VRFC 10-3107] analyzing entity '\ila_1_xsdbs_v1_0_2_reg__parameterized41\'
INFO: [VRFC 10-3107] analyzing entity '\ila_1_xsdbs_v1_0_2_reg__parameterized42\'
INFO: [VRFC 10-3107] analyzing entity '\ila_1_xsdbs_v1_0_2_reg__parameterized43\'
INFO: [VRFC 10-3107] analyzing entity '\ila_1_xsdbs_v1_0_2_reg__parameterized44\'
INFO: [VRFC 10-3107] analyzing entity '\ila_1_xsdbs_v1_0_2_reg__parameterized45\'
INFO: [VRFC 10-3107] analyzing entity '\ila_1_xsdbs_v1_0_2_reg__parameterized46\'
INFO: [VRFC 10-3107] analyzing entity '\ila_1_xsdbs_v1_0_2_reg__parameterized47\'
INFO: [VRFC 10-3107] analyzing entity '\ila_1_xsdbs_v1_0_2_reg__parameterized49\'
INFO: [VRFC 10-3107] analyzing entity '\ila_1_xsdbs_v1_0_2_reg__parameterized51\'
INFO: [VRFC 10-3107] analyzing entity '\ila_1_xsdbs_v1_0_2_reg__parameterized52\'
INFO: [VRFC 10-3107] analyzing entity '\ila_1_xsdbs_v1_0_2_reg__parameterized53\'
INFO: [VRFC 10-3107] analyzing entity '\ila_1_xsdbs_v1_0_2_reg__parameterized54\'
INFO: [VRFC 10-3107] analyzing entity 'ila_1_xsdbs_v1_0_2_reg_stream'
INFO: [VRFC 10-3107] analyzing entity '\ila_1_xsdbs_v1_0_2_reg_stream__parameterized0\'
INFO: [VRFC 10-3107] analyzing entity '\ila_1_xsdbs_v1_0_2_reg_stream__parameterized1\'
INFO: [VRFC 10-3107] analyzing entity '\ila_1_xsdbs_v1_0_2_reg_stream__parameterized2\'
INFO: [VRFC 10-3107] analyzing entity 'fifo_generator_ramfifo'
INFO: [VRFC 10-3107] analyzing entity '\fifo_generator_ramfifo__parameterized0\'
INFO: [VRFC 10-3107] analyzing entity 'cpu_core_1'
INFO: [VRFC 10-3107] analyzing entity 'ila_0_blk_mem_gen_generic_cstr'
INFO: [VRFC 10-3107] analyzing entity 'ila_0_ila_v6_2_8_ila_register'
INFO: [VRFC 10-3107] analyzing entity 'ila_0_ltlib_v1_0_0_allx_typeA'
INFO: [VRFC 10-3107] analyzing entity 'ila_0_ltlib_v1_0_0_allx_typeA_101'
INFO: [VRFC 10-3107] analyzing entity 'ila_0_ltlib_v1_0_0_allx_typeA_105'
INFO: [VRFC 10-3107] analyzing entity 'ila_0_ltlib_v1_0_0_allx_typeA_109'
INFO: [VRFC 10-3107] analyzing entity 'ila_0_ltlib_v1_0_0_allx_typeA_113'
INFO: [VRFC 10-3107] analyzing entity 'ila_0_ltlib_v1_0_0_allx_typeA_117'
INFO: [VRFC 10-3107] analyzing entity 'ila_0_ltlib_v1_0_0_allx_typeA_121'
INFO: [VRFC 10-3107] analyzing entity 'ila_0_ltlib_v1_0_0_allx_typeA_125'
INFO: [VRFC 10-3107] analyzing entity 'ila_0_ltlib_v1_0_0_allx_typeA_129'
INFO: [VRFC 10-3107] analyzing entity 'ila_0_ltlib_v1_0_0_allx_typeA_133'
INFO: [VRFC 10-3107] analyzing entity 'ila_0_ltlib_v1_0_0_allx_typeA_137'
INFO: [VRFC 10-3107] analyzing entity 'ila_0_ltlib_v1_0_0_allx_typeA_141'
INFO: [VRFC 10-3107] analyzing entity 'ila_0_ltlib_v1_0_0_allx_typeA_145'
INFO: [VRFC 10-3107] analyzing entity 'ila_0_ltlib_v1_0_0_allx_typeA_149'
INFO: [VRFC 10-3107] analyzing entity 'ila_0_ltlib_v1_0_0_allx_typeA_153'
INFO: [VRFC 10-3107] analyzing entity 'ila_0_ltlib_v1_0_0_allx_typeA_157'
INFO: [VRFC 10-3107] analyzing entity 'ila_0_ltlib_v1_0_0_allx_typeA_161'
INFO: [VRFC 10-3107] analyzing entity 'ila_0_ltlib_v1_0_0_allx_typeA_165'
INFO: [VRFC 10-3107] analyzing entity 'ila_0_ltlib_v1_0_0_allx_typeA_169'
INFO: [VRFC 10-3107] analyzing entity 'ila_0_ltlib_v1_0_0_allx_typeA_173'
INFO: [VRFC 10-3107] analyzing entity 'ila_0_ltlib_v1_0_0_allx_typeA_177'
INFO: [VRFC 10-3107] analyzing entity 'ila_0_ltlib_v1_0_0_allx_typeA_181'
INFO: [VRFC 10-3107] analyzing entity 'ila_0_ltlib_v1_0_0_allx_typeA_185'
INFO: [VRFC 10-3107] analyzing entity 'ila_0_ltlib_v1_0_0_allx_typeA_189'
INFO: [VRFC 10-3107] analyzing entity 'ila_0_ltlib_v1_0_0_allx_typeA_193'
INFO: [VRFC 10-3107] analyzing entity 'ila_0_ltlib_v1_0_0_allx_typeA_69'
INFO: [VRFC 10-3107] analyzing entity 'ila_0_ltlib_v1_0_0_allx_typeA_73'
INFO: [VRFC 10-3107] analyzing entity 'ila_0_ltlib_v1_0_0_allx_typeA_77'
INFO: [VRFC 10-3107] analyzing entity 'ila_0_ltlib_v1_0_0_allx_typeA_81'
INFO: [VRFC 10-3107] analyzing entity 'ila_0_ltlib_v1_0_0_allx_typeA_85'
INFO: [VRFC 10-3107] analyzing entity 'ila_0_ltlib_v1_0_0_allx_typeA_89'
INFO: [VRFC 10-3107] analyzing entity 'ila_0_ltlib_v1_0_0_allx_typeA_93'
INFO: [VRFC 10-3107] analyzing entity 'ila_0_ltlib_v1_0_0_allx_typeA_97'
INFO: [VRFC 10-3107] analyzing entity '\ila_0_ltlib_v1_0_0_allx_typeA__parameterized0\'
INFO: [VRFC 10-3107] analyzing entity '\ila_0_ltlib_v1_0_0_allx_typeA__parameterized0_41\'
INFO: [VRFC 10-3107] analyzing entity '\ila_0_ltlib_v1_0_0_allx_typeA__parameterized0_44\'
INFO: [VRFC 10-3107] analyzing entity '\ila_0_ltlib_v1_0_0_allx_typeA__parameterized0_47\'
INFO: [VRFC 10-3107] analyzing entity '\ila_0_ltlib_v1_0_0_allx_typeA__parameterized0_50\'
INFO: [VRFC 10-3107] analyzing entity '\ila_0_ltlib_v1_0_0_allx_typeA__parameterized0_53\'
INFO: [VRFC 10-3107] analyzing entity '\ila_0_ltlib_v1_0_0_allx_typeA__parameterized0_56\'
INFO: [VRFC 10-3107] analyzing entity '\ila_0_ltlib_v1_0_0_allx_typeA__parameterized0_59\'
INFO: [VRFC 10-3107] analyzing entity '\ila_0_ltlib_v1_0_0_allx_typeA__parameterized0_62\'
INFO: [VRFC 10-3107] analyzing entity '\ila_0_ltlib_v1_0_0_allx_typeA__parameterized0_65\'
INFO: [VRFC 10-3107] analyzing entity 'ila_0_ltlib_v1_0_0_allx_typeA_nodelay'
INFO: [VRFC 10-3107] analyzing entity 'ila_0_ltlib_v1_0_0_allx_typeA_nodelay_224'
INFO: [VRFC 10-3107] analyzing entity 'ila_0_ltlib_v1_0_0_allx_typeA_nodelay_232'
INFO: [VRFC 10-3107] analyzing entity 'ila_1_blk_mem_gen_generic_cstr'
INFO: [VRFC 10-3107] analyzing entity 'ila_1_ila_v6_2_8_ila_register'
INFO: [VRFC 10-3107] analyzing entity 'ila_1_ltlib_v1_0_0_allx_typeA'
INFO: [VRFC 10-3107] analyzing entity 'ila_1_ltlib_v1_0_0_allx_typeA_101'
INFO: [VRFC 10-3107] analyzing entity 'ila_1_ltlib_v1_0_0_allx_typeA_104'
INFO: [VRFC 10-3107] analyzing entity 'ila_1_ltlib_v1_0_0_allx_typeA_107'
INFO: [VRFC 10-3107] analyzing entity 'ila_1_ltlib_v1_0_0_allx_typeA_110'
INFO: [VRFC 10-3107] analyzing entity 'ila_1_ltlib_v1_0_0_allx_typeA_113'
INFO: [VRFC 10-3107] analyzing entity 'ila_1_ltlib_v1_0_0_allx_typeA_116'
INFO: [VRFC 10-3107] analyzing entity 'ila_1_ltlib_v1_0_0_allx_typeA_119'
INFO: [VRFC 10-3107] analyzing entity 'ila_1_ltlib_v1_0_0_allx_typeA_122'
INFO: [VRFC 10-3107] analyzing entity 'ila_1_ltlib_v1_0_0_allx_typeA_125'
INFO: [VRFC 10-3107] analyzing entity 'ila_1_ltlib_v1_0_0_allx_typeA_128'
INFO: [VRFC 10-3107] analyzing entity 'ila_1_ltlib_v1_0_0_allx_typeA_131'
INFO: [VRFC 10-3107] analyzing entity 'ila_1_ltlib_v1_0_0_allx_typeA_134'
INFO: [VRFC 10-3107] analyzing entity 'ila_1_ltlib_v1_0_0_allx_typeA_137'
INFO: [VRFC 10-3107] analyzing entity 'ila_1_ltlib_v1_0_0_allx_typeA_140'
INFO: [VRFC 10-3107] analyzing entity 'ila_1_ltlib_v1_0_0_allx_typeA_143'
INFO: [VRFC 10-3107] analyzing entity 'ila_1_ltlib_v1_0_0_allx_typeA_146'
INFO: [VRFC 10-3107] analyzing entity 'ila_1_ltlib_v1_0_0_allx_typeA_149'
INFO: [VRFC 10-3107] analyzing entity 'ila_1_ltlib_v1_0_0_allx_typeA_152'
INFO: [VRFC 10-3107] analyzing entity 'ila_1_ltlib_v1_0_0_allx_typeA_155'
INFO: [VRFC 10-3107] analyzing entity 'ila_1_ltlib_v1_0_0_allx_typeA_62'
INFO: [VRFC 10-3107] analyzing entity 'ila_1_ltlib_v1_0_0_allx_typeA_65'
INFO: [VRFC 10-3107] analyzing entity 'ila_1_ltlib_v1_0_0_allx_typeA_68'
INFO: [VRFC 10-3107] analyzing entity 'ila_1_ltlib_v1_0_0_allx_typeA_71'
INFO: [VRFC 10-3107] analyzing entity 'ila_1_ltlib_v1_0_0_allx_typeA_74'
INFO: [VRFC 10-3107] analyzing entity 'ila_1_ltlib_v1_0_0_allx_typeA_77'
INFO: [VRFC 10-3107] analyzing entity 'ila_1_ltlib_v1_0_0_allx_typeA_80'
INFO: [VRFC 10-3107] analyzing entity 'ila_1_ltlib_v1_0_0_allx_typeA_83'
INFO: [VRFC 10-3107] analyzing entity 'ila_1_ltlib_v1_0_0_allx_typeA_86'
INFO: [VRFC 10-3107] analyzing entity 'ila_1_ltlib_v1_0_0_allx_typeA_89'
INFO: [VRFC 10-3107] analyzing entity 'ila_1_ltlib_v1_0_0_allx_typeA_92'
INFO: [VRFC 10-3107] analyzing entity 'ila_1_ltlib_v1_0_0_allx_typeA_95'
INFO: [VRFC 10-3107] analyzing entity 'ila_1_ltlib_v1_0_0_allx_typeA_98'
INFO: [VRFC 10-3107] analyzing entity '\ila_1_ltlib_v1_0_0_allx_typeA__parameterized0\'
INFO: [VRFC 10-3107] analyzing entity '\ila_1_ltlib_v1_0_0_allx_typeA__parameterized0_39\'
INFO: [VRFC 10-3107] analyzing entity '\ila_1_ltlib_v1_0_0_allx_typeA__parameterized0_42\'
INFO: [VRFC 10-3107] analyzing entity '\ila_1_ltlib_v1_0_0_allx_typeA__parameterized0_45\'
INFO: [VRFC 10-3107] analyzing entity '\ila_1_ltlib_v1_0_0_allx_typeA__parameterized0_48\'
INFO: [VRFC 10-3107] analyzing entity '\ila_1_ltlib_v1_0_0_allx_typeA__parameterized0_51\'
INFO: [VRFC 10-3107] analyzing entity '\ila_1_ltlib_v1_0_0_allx_typeA__parameterized0_54\'
INFO: [VRFC 10-3107] analyzing entity '\ila_1_ltlib_v1_0_0_allx_typeA__parameterized0_57\'
INFO: [VRFC 10-3107] analyzing entity 'ila_1_ltlib_v1_0_0_allx_typeA_nodelay'
INFO: [VRFC 10-3107] analyzing entity 'ila_1_ltlib_v1_0_0_allx_typeA_nodelay_185'
INFO: [VRFC 10-3107] analyzing entity 'ila_1_ltlib_v1_0_0_allx_typeA_nodelay_193'
INFO: [VRFC 10-3107] analyzing entity 'fifo_generator_top'
INFO: [VRFC 10-3107] analyzing entity '\fifo_generator_top__parameterized0\'
INFO: [VRFC 10-3107] analyzing entity 'ila_0_blk_mem_gen_top'
INFO: [VRFC 10-3107] analyzing entity 'ila_0_ltlib_v1_0_0_match'
INFO: [VRFC 10-3107] analyzing entity 'ila_0_ltlib_v1_0_0_match_0'
INFO: [VRFC 10-3107] analyzing entity 'ila_0_ltlib_v1_0_0_match_1'
INFO: [VRFC 10-3107] analyzing entity 'ila_0_ltlib_v1_0_0_match_10'
INFO: [VRFC 10-3107] analyzing entity 'ila_0_ltlib_v1_0_0_match_11'
INFO: [VRFC 10-3107] analyzing entity 'ila_0_ltlib_v1_0_0_match_12'
INFO: [VRFC 10-3107] analyzing entity 'ila_0_ltlib_v1_0_0_match_13'
INFO: [VRFC 10-3107] analyzing entity 'ila_0_ltlib_v1_0_0_match_14'
INFO: [VRFC 10-3107] analyzing entity 'ila_0_ltlib_v1_0_0_match_15'
INFO: [VRFC 10-3107] analyzing entity 'ila_0_ltlib_v1_0_0_match_16'
INFO: [VRFC 10-3107] analyzing entity 'ila_0_ltlib_v1_0_0_match_17'
INFO: [VRFC 10-3107] analyzing entity 'ila_0_ltlib_v1_0_0_match_18'
INFO: [VRFC 10-3107] analyzing entity 'ila_0_ltlib_v1_0_0_match_19'
INFO: [VRFC 10-3107] analyzing entity 'ila_0_ltlib_v1_0_0_match_2'
INFO: [VRFC 10-3107] analyzing entity 'ila_0_ltlib_v1_0_0_match_20'
INFO: [VRFC 10-3107] analyzing entity 'ila_0_ltlib_v1_0_0_match_21'
INFO: [VRFC 10-3107] analyzing entity 'ila_0_ltlib_v1_0_0_match_22'
INFO: [VRFC 10-3107] analyzing entity 'ila_0_ltlib_v1_0_0_match_23'
INFO: [VRFC 10-3107] analyzing entity 'ila_0_ltlib_v1_0_0_match_24'
INFO: [VRFC 10-3107] analyzing entity 'ila_0_ltlib_v1_0_0_match_25'
INFO: [VRFC 10-3107] analyzing entity 'ila_0_ltlib_v1_0_0_match_26'
INFO: [VRFC 10-3107] analyzing entity 'ila_0_ltlib_v1_0_0_match_27'
INFO: [VRFC 10-3107] analyzing entity 'ila_0_ltlib_v1_0_0_match_28'
INFO: [VRFC 10-3107] analyzing entity 'ila_0_ltlib_v1_0_0_match_29'
INFO: [VRFC 10-3107] analyzing entity 'ila_0_ltlib_v1_0_0_match_3'
INFO: [VRFC 10-3107] analyzing entity 'ila_0_ltlib_v1_0_0_match_30'
INFO: [VRFC 10-3107] analyzing entity 'ila_0_ltlib_v1_0_0_match_31'
INFO: [VRFC 10-3107] analyzing entity 'ila_0_ltlib_v1_0_0_match_4'
INFO: [VRFC 10-3107] analyzing entity 'ila_0_ltlib_v1_0_0_match_5'
INFO: [VRFC 10-3107] analyzing entity 'ila_0_ltlib_v1_0_0_match_6'
INFO: [VRFC 10-3107] analyzing entity 'ila_0_ltlib_v1_0_0_match_7'
INFO: [VRFC 10-3107] analyzing entity 'ila_0_ltlib_v1_0_0_match_8'
INFO: [VRFC 10-3107] analyzing entity 'ila_0_ltlib_v1_0_0_match_9'
INFO: [VRFC 10-3107] analyzing entity '\ila_0_ltlib_v1_0_0_match__parameterized0\'
INFO: [VRFC 10-3107] analyzing entity '\ila_0_ltlib_v1_0_0_match__parameterized0_32\'
INFO: [VRFC 10-3107] analyzing entity '\ila_0_ltlib_v1_0_0_match__parameterized0_33\'
INFO: [VRFC 10-3107] analyzing entity '\ila_0_ltlib_v1_0_0_match__parameterized0_34\'
INFO: [VRFC 10-3107] analyzing entity '\ila_0_ltlib_v1_0_0_match__parameterized0_35\'
INFO: [VRFC 10-3107] analyzing entity '\ila_0_ltlib_v1_0_0_match__parameterized0_36\'
INFO: [VRFC 10-3107] analyzing entity '\ila_0_ltlib_v1_0_0_match__parameterized0_37\'
INFO: [VRFC 10-3107] analyzing entity '\ila_0_ltlib_v1_0_0_match__parameterized0_38\'
INFO: [VRFC 10-3107] analyzing entity '\ila_0_ltlib_v1_0_0_match__parameterized0_39\'
INFO: [VRFC 10-3107] analyzing entity '\ila_0_ltlib_v1_0_0_match__parameterized0_40\'
INFO: [VRFC 10-3107] analyzing entity 'ila_0_ltlib_v1_0_0_match_nodelay'
INFO: [VRFC 10-3107] analyzing entity 'ila_0_ltlib_v1_0_0_match_nodelay_223'
INFO: [VRFC 10-3107] analyzing entity 'ila_0_ltlib_v1_0_0_match_nodelay_231'
INFO: [VRFC 10-3107] analyzing entity 'ila_1_blk_mem_gen_top'
INFO: [VRFC 10-3107] analyzing entity 'ila_1_ltlib_v1_0_0_match'
INFO: [VRFC 10-3107] analyzing entity 'ila_1_ltlib_v1_0_0_match_0'
INFO: [VRFC 10-3107] analyzing entity 'ila_1_ltlib_v1_0_0_match_1'
INFO: [VRFC 10-3107] analyzing entity 'ila_1_ltlib_v1_0_0_match_10'
INFO: [VRFC 10-3107] analyzing entity 'ila_1_ltlib_v1_0_0_match_11'
INFO: [VRFC 10-3107] analyzing entity 'ila_1_ltlib_v1_0_0_match_12'
INFO: [VRFC 10-3107] analyzing entity 'ila_1_ltlib_v1_0_0_match_13'
INFO: [VRFC 10-3107] analyzing entity 'ila_1_ltlib_v1_0_0_match_14'
INFO: [VRFC 10-3107] analyzing entity 'ila_1_ltlib_v1_0_0_match_15'
INFO: [VRFC 10-3107] analyzing entity 'ila_1_ltlib_v1_0_0_match_16'
INFO: [VRFC 10-3107] analyzing entity 'ila_1_ltlib_v1_0_0_match_17'
INFO: [VRFC 10-3107] analyzing entity 'ila_1_ltlib_v1_0_0_match_18'
INFO: [VRFC 10-3107] analyzing entity 'ila_1_ltlib_v1_0_0_match_19'
INFO: [VRFC 10-3107] analyzing entity 'ila_1_ltlib_v1_0_0_match_2'
INFO: [VRFC 10-3107] analyzing entity 'ila_1_ltlib_v1_0_0_match_20'
INFO: [VRFC 10-3107] analyzing entity 'ila_1_ltlib_v1_0_0_match_21'
INFO: [VRFC 10-3107] analyzing entity 'ila_1_ltlib_v1_0_0_match_22'
INFO: [VRFC 10-3107] analyzing entity 'ila_1_ltlib_v1_0_0_match_23'
INFO: [VRFC 10-3107] analyzing entity 'ila_1_ltlib_v1_0_0_match_24'
INFO: [VRFC 10-3107] analyzing entity 'ila_1_ltlib_v1_0_0_match_25'
INFO: [VRFC 10-3107] analyzing entity 'ila_1_ltlib_v1_0_0_match_26'
INFO: [VRFC 10-3107] analyzing entity 'ila_1_ltlib_v1_0_0_match_27'
INFO: [VRFC 10-3107] analyzing entity 'ila_1_ltlib_v1_0_0_match_28'
INFO: [VRFC 10-3107] analyzing entity 'ila_1_ltlib_v1_0_0_match_29'
INFO: [VRFC 10-3107] analyzing entity 'ila_1_ltlib_v1_0_0_match_3'
INFO: [VRFC 10-3107] analyzing entity 'ila_1_ltlib_v1_0_0_match_30'
INFO: [VRFC 10-3107] analyzing entity 'ila_1_ltlib_v1_0_0_match_31'
INFO: [VRFC 10-3107] analyzing entity 'ila_1_ltlib_v1_0_0_match_4'
INFO: [VRFC 10-3107] analyzing entity 'ila_1_ltlib_v1_0_0_match_5'
INFO: [VRFC 10-3107] analyzing entity 'ila_1_ltlib_v1_0_0_match_6'
INFO: [VRFC 10-3107] analyzing entity 'ila_1_ltlib_v1_0_0_match_7'
INFO: [VRFC 10-3107] analyzing entity 'ila_1_ltlib_v1_0_0_match_8'
INFO: [VRFC 10-3107] analyzing entity 'ila_1_ltlib_v1_0_0_match_9'
INFO: [VRFC 10-3107] analyzing entity '\ila_1_ltlib_v1_0_0_match__parameterized0\'
INFO: [VRFC 10-3107] analyzing entity '\ila_1_ltlib_v1_0_0_match__parameterized0_32\'
INFO: [VRFC 10-3107] analyzing entity '\ila_1_ltlib_v1_0_0_match__parameterized0_33\'
INFO: [VRFC 10-3107] analyzing entity '\ila_1_ltlib_v1_0_0_match__parameterized0_34\'
INFO: [VRFC 10-3107] analyzing entity '\ila_1_ltlib_v1_0_0_match__parameterized0_35\'
INFO: [VRFC 10-3107] analyzing entity '\ila_1_ltlib_v1_0_0_match__parameterized0_36\'
INFO: [VRFC 10-3107] analyzing entity '\ila_1_ltlib_v1_0_0_match__parameterized0_37\'
INFO: [VRFC 10-3107] analyzing entity '\ila_1_ltlib_v1_0_0_match__parameterized0_38\'
INFO: [VRFC 10-3107] analyzing entity 'ila_1_ltlib_v1_0_0_match_nodelay'
INFO: [VRFC 10-3107] analyzing entity 'ila_1_ltlib_v1_0_0_match_nodelay_184'
INFO: [VRFC 10-3107] analyzing entity 'ila_1_ltlib_v1_0_0_match_nodelay_192'
INFO: [VRFC 10-3107] analyzing entity 'fifo_generator_v13_1_4_synth'
INFO: [VRFC 10-3107] analyzing entity '\fifo_generator_v13_1_4_synth__parameterized0\'
INFO: [VRFC 10-3107] analyzing entity 'ila_0_blk_mem_gen_v8_3_6_synth'
INFO: [VRFC 10-3107] analyzing entity 'ila_0_ila_v6_2_8_ila_cap_sample_counter'
INFO: [VRFC 10-3107] analyzing entity 'ila_0_ila_v6_2_8_ila_cap_window_counter'
INFO: [VRFC 10-3107] analyzing entity 'ila_0_ila_v6_2_8_ila_trig_match'
INFO: [VRFC 10-3107] analyzing entity 'ila_1_blk_mem_gen_v8_3_6_synth'
INFO: [VRFC 10-3107] analyzing entity 'ila_1_ila_v6_2_8_ila_cap_sample_counter'
INFO: [VRFC 10-3107] analyzing entity 'ila_1_ila_v6_2_8_ila_cap_window_counter'
INFO: [VRFC 10-3107] analyzing entity 'ila_1_ila_v6_2_8_ila_trig_match'
INFO: [VRFC 10-3107] analyzing entity 'fifo_generator_v13_1_4'
INFO: [VRFC 10-3107] analyzing entity '\fifo_generator_v13_1_4__parameterized0\'
INFO: [VRFC 10-3107] analyzing entity 'ila_0_blk_mem_gen_v8_3_6'
INFO: [VRFC 10-3107] analyzing entity 'ila_0_ila_v6_2_8_ila_cap_addrgen'
INFO: [VRFC 10-3107] analyzing entity 'ila_0_ila_v6_2_8_ila_trigger'
INFO: [VRFC 10-3107] analyzing entity 'ila_1_blk_mem_gen_v8_3_6'
INFO: [VRFC 10-3107] analyzing entity 'ila_1_ila_v6_2_8_ila_cap_addrgen'
INFO: [VRFC 10-3107] analyzing entity 'ila_1_ila_v6_2_8_ila_trigger'
INFO: [VRFC 10-3107] analyzing entity 'xsdbm_v3_0_0_rdfifo'
INFO: [VRFC 10-3107] analyzing entity 'xsdbm_v3_0_0_wrfifo'
INFO: [VRFC 10-3107] analyzing entity 'ila_0_ila_v6_2_8_ila_cap_ctrl_legacy'
INFO: [VRFC 10-3107] analyzing entity 'ila_0_ila_v6_2_8_ila_trace_memory'
INFO: [VRFC 10-3107] analyzing entity 'ila_1_ila_v6_2_8_ila_cap_ctrl_legacy'
INFO: [VRFC 10-3107] analyzing entity 'ila_1_ila_v6_2_8_ila_trace_memory'
INFO: [VRFC 10-3107] analyzing entity 'xsdbm_v3_0_0_rdreg'
INFO: [VRFC 10-3107] analyzing entity 'xsdbm_v3_0_0_wrreg'
INFO: [VRFC 10-3107] analyzing entity 'ila_0_ila_v6_2_8_ila_core'
INFO: [VRFC 10-3107] analyzing entity 'ila_1_ila_v6_2_8_ila_core'
INFO: [VRFC 10-3107] analyzing entity 'xsdbm_v3_0_0_if'
INFO: [VRFC 10-3107] analyzing entity 'ila_0_ila_v6_2_8_ila'
INFO: [VRFC 10-3107] analyzing entity 'ila_1_ila_v6_2_8_ila'
INFO: [VRFC 10-3107] analyzing entity 'xsdbm_v3_0_0_icon2xsdb'
INFO: [VRFC 10-3107] analyzing entity 'ila_0'
INFO: [VRFC 10-3107] analyzing entity 'ila_1'
INFO: [VRFC 10-3107] analyzing entity 'xsdbm_v3_0_0_xsdbm_id'
INFO: [VRFC 10-3107] analyzing entity 'memory_core_1'
INFO: [VRFC 10-3107] analyzing entity 'xsdbm_v3_0_0_xsdbm'
INFO: [VRFC 10-3107] analyzing entity 'computer_core_1'
INFO: [VRFC 10-3107] analyzing entity 'dbg_hub'
INFO: [VRFC 10-3107] analyzing entity 'top'
INFO: [VRFC 10-163] Analyzing VHDL file "C:/Users/Trevor/Documents/CyberCore_RepoTest/CoreGen_Extended_Vivado.srcs/sources_1/imports/Extended_Format_Testing/instructions_core_1.vhd" into library xil_defaultlib
INFO: [VRFC 10-163] Analyzing VHDL file "C:/Users/Trevor/Documents/CyberCore_RepoTest/CoreGen_Extended_Vivado.srcs/sources_1/imports/Extended_Format_Testing/alu_core_1.vhd" into library xil_defaultlib
INFO: [VRFC 10-3107] analyzing entity 'alu_core_1'
WARNING: [VRFC 10-3607] overwriting existing primary unit 'alu_core_1' [C:/Users/Trevor/Documents/CyberCore_RepoTest/CoreGen_Extended_Vivado.srcs/sources_1/imports/Extended_Format_Testing/alu_core_1.vhd:7]
INFO: [VRFC 10-163] Analyzing VHDL file "C:/Users/Trevor/Documents/CyberCore_RepoTest/CoreGen_Extended_Vivado.srcs/sources_1/imports/Extended_Format_Testing/computer_core_1.vhd" into library xil_defaultlib
INFO: [VRFC 10-3107] analyzing entity 'computer_core_1'
WARNING: [VRFC 10-3607] overwriting existing primary unit 'computer_core_1' [C:/Users/Trevor/Documents/CyberCore_RepoTest/CoreGen_Extended_Vivado.srcs/sources_1/imports/Extended_Format_Testing/computer_core_1.vhd:5]
INFO: [VRFC 10-163] Analyzing VHDL file "C:/Users/Trevor/Documents/CyberCore_RepoTest/CoreGen_Extended_Vivado.srcs/sources_1/imports/Extended_Format_Testing/control_unit_core_1.vhd" into library xil_defaultlib
INFO: [VRFC 10-3107] analyzing entity 'control_unit_core_1'
WARNING: [VRFC 10-3607] overwriting existing primary unit 'control_unit_core_1' [C:/Users/Trevor/Documents/CyberCore_RepoTest/CoreGen_Extended_Vivado.srcs/sources_1/imports/Extended_Format_Testing/control_unit_core_1.vhd:7]
INFO: [VRFC 10-163] Analyzing VHDL file "C:/Users/Trevor/Documents/CyberCore_RepoTest/CoreGen_Extended_Vivado.srcs/sources_1/imports/Extended_Format_Testing/cpu_core_1.vhd" into library xil_defaultlib
INFO: [VRFC 10-3107] analyzing entity 'cpu_core_1'
WARNING: [VRFC 10-3607] overwriting existing primary unit 'cpu_core_1' [C:/Users/Trevor/Documents/CyberCore_RepoTest/CoreGen_Extended_Vivado.srcs/sources_1/imports/Extended_Format_Testing/cpu_core_1.vhd:5]
INFO: [VRFC 10-163] Analyzing VHDL file "C:/Users/Trevor/Documents/CyberCore_RepoTest/CoreGen_Extended_Vivado.srcs/sources_1/imports/Extended_Format_Testing/data_path_core_1.vhd" into library xil_defaultlib
INFO: [VRFC 10-3107] analyzing entity 'data_path_core_1'
WARNING: [VRFC 10-3607] overwriting existing primary unit 'data_path_core_1' [C:/Users/Trevor/Documents/CyberCore_RepoTest/CoreGen_Extended_Vivado.srcs/sources_1/imports/Extended_Format_Testing/data_path_core_1.vhd:5]
INFO: [VRFC 10-163] Analyzing VHDL file "C:/Users/Trevor/Documents/CyberCore_RepoTest/CoreGen_Extended_Vivado.srcs/sources_1/imports/Extended_Format_Testing/memory_core_1.vhd" into library xil_defaultlib
INFO: [VRFC 10-3107] analyzing entity 'memory_core_1'
WARNING: [VRFC 10-3607] overwriting existing primary unit 'memory_core_1' [C:/Users/Trevor/Documents/CyberCore_RepoTest/CoreGen_Extended_Vivado.srcs/sources_1/imports/Extended_Format_Testing/memory_core_1.vhd:5]
INFO: [VRFC 10-163] Analyzing VHDL file "C:/Users/Trevor/Documents/CyberCore_RepoTest/CoreGen_Extended_Vivado.srcs/sources_1/imports/Extended_Format_Testing/rom_128x8_sync_core_1.vhd" into library xil_defaultlib
INFO: [VRFC 10-3107] analyzing entity 'rom_128x8_sync_core_1'
WARNING: [VRFC 10-3607] overwriting existing primary unit 'rom_128x8_sync_core_1' [C:/Users/Trevor/Documents/CyberCore_RepoTest/CoreGen_Extended_Vivado.srcs/sources_1/imports/Extended_Format_Testing/rom_128x8_sync_core_1.vhd:7]
INFO: [VRFC 10-163] Analyzing VHDL file "C:/Users/Trevor/Documents/CyberCore_RepoTest/CoreGen_Extended_Vivado.srcs/sources_1/imports/Extended_Format_Testing/rw_96x8_sync_core_1.vhd" into library xil_defaultlib
INFO: [VRFC 10-3107] analyzing entity 'rw_96x8_sync_core_1'
WARNING: [VRFC 10-3607] overwriting existing primary unit 'rw_96x8_sync_core_1' [C:/Users/Trevor/Documents/CyberCore_RepoTest/CoreGen_Extended_Vivado.srcs/sources_1/imports/Extended_Format_Testing/rw_96x8_sync_core_1.vhd:5]
INFO: [VRFC 10-163] Analyzing VHDL file "C:/Users/Trevor/Documents/CyberCore_RepoTest/CoreGen_Extended_Vivado.srcs/sources_1/new/stack.vhd" into library xil_defaultlib
INFO: [VRFC 10-3107] analyzing entity 'stack_1'
WARNING: [VRFC 10-3607] overwriting existing primary unit 'stack_1' [C:/Users/Trevor/Documents/CyberCore_RepoTest/CoreGen_Extended_Vivado.srcs/sources_1/new/stack.vhd:5]
INFO: [VRFC 10-163] Analyzing VHDL file "C:/Users/Trevor/Documents/CyberCore_RepoTest/CoreGen_Extended_Vivado.srcs/sources_1/imports/Extended_Format_Testing/computer_core_1_TB.vhd" into library xil_defaultlib
INFO: [VRFC 10-3107] analyzing entity 'computer_core_1_TB'
