Vivado Simulator 2018.3
Copyright 1986-1999, 2001-2018 Xilinx, Inc. All Rights Reserved.
Running: C:/Xilinx/Vivado/2018.3/bin/unwrapped/win64.o/xelab.exe -wto b564c189e3f747f0ada0ba6c9ef8bb5d --incr --debug typical --relax --mt 2 -L xil_defaultlib -L unisims_ver -L unimacro_ver -L secureip -L xpm --snapshot computer_core_1_TB_behav xil_defaultlib.computer_core_1_TB xil_defaultlib.glbl -log elaborate.log 
Using 2 slave threads.
Starting static elaboration
Completed static elaboration
Starting simulation data flow analysis
Completed simulation data flow analysis
Time Resolution for simulation is 1ps
Compiling package std.standard
Compiling package std.textio
Compiling package ieee.std_logic_1164
Compiling package ieee.std_logic_arith
Compiling package ieee.std_logic_unsigned
Compiling package ieee.numeric_std
Compiling package xil_defaultlib.instructions_core_1
Compiling module xil_defaultlib.glbl
Compiling architecture alu_arch of entity xil_defaultlib.alu_core_1 [alu_core_1_default]
Compiling architecture data_path_arch of entity xil_defaultlib.data_path_core_1 [data_path_core_1_default]
Compiling architecture control_unit_arch of entity xil_defaultlib.control_unit_core_1 [control_unit_core_1_default]
Compiling architecture cpu_arch of entity xil_defaultlib.cpu_core_1 [cpu_core_1_default]
Compiling architecture rom_128x8_sync_arch of entity xil_defaultlib.rom_128x8_sync_core_1 [rom_128x8_sync_core_1_default]
Compiling architecture rw_96x8_sync_arch of entity xil_defaultlib.rw_96x8_sync_core_1 [rw_96x8_sync_core_1_default]
Compiling architecture behavioral of entity xil_defaultlib.stack_1 [stack_1_default]
Compiling architecture ila_1_arch of entity xil_defaultlib.ila_1 [ila_1_default]
Compiling architecture memory_arch of entity xil_defaultlib.memory_core_1 [memory_core_1_default]
Compiling architecture computer_arch of entity xil_defaultlib.computer_core_1 [computer_core_1_default]
Compiling architecture computer_tb_arch of entity xil_defaultlib.computer_core_1_tb
Built simulation snapshot computer_core_1_TB_behav
